[2015.09.09-08.46.37:258][  0]Log file open, 09/09/15 10:46:37
[2015.09.09-08.46.37:258][  0]LogInit:Display: Running engine for game: Zero
[2015.09.09-08.46.37:258][  0]LogInit:Display: RandInit(698826918) SRandInit(698826919).
[2015.09.09-08.46.37:258][  0]LogTaskGraph: Started task graph with 4 named threads and 7 total threads.
[2015.09.09-08.46.37:258][  0]LogStats: Stats thread started at 0.183253
[2015.09.09-08.46.37:258][  0]LogInit: Version: 4.9.0-2672455+++depot+UE4-Releases+4.9
[2015.09.09-08.46.37:258][  0]LogInit: API Version: 2672455
[2015.09.09-08.46.37:258][  0]LogInit: Compiled (64-bit): Aug 28 2015 12:33:01
[2015.09.09-08.46.37:258][  0]LogInit: Compiled with Visual C++: 18.00.21005.01
[2015.09.09-08.46.37:258][  0]LogInit: Build Configuration: Development
[2015.09.09-08.46.37:258][  0]LogInit: Branch Name: ++depot+UE4-Releases+4.9
[2015.09.09-08.46.37:259][  0]LogInit: Command line:  
[2015.09.09-08.46.37:259][  0]LogInit: Base directory: D:/Program Files/Epic Games/4.9/Engine/Binaries/Win64/
[2015.09.09-08.46.37:259][  0]LogInit: Rocket: 1
[2015.09.09-08.46.37:304][  0]LogInit: Using libcurl 7.41.0
[2015.09.09-08.46.37:304][  0]LogInit:  - built for x86_64-pc-win32
[2015.09.09-08.46.37:304][  0]LogInit:  - supports SSL with WinSSL
[2015.09.09-08.46.37:304][  0]LogInit:  - other features:
[2015.09.09-08.46.37:305][  0]LogInit:      CURL_VERSION_SSL
[2015.09.09-08.46.37:305][  0]LogInit:      CURL_VERSION_IPV6
[2015.09.09-08.46.37:305][  0]LogInit:      CURL_VERSION_ASYNCHDNS
[2015.09.09-08.46.37:305][  0]LogInit:      CURL_VERSION_LARGEFILE
[2015.09.09-08.46.37:305][  0]LogInit:      CURL_VERSION_IDN
[2015.09.09-08.46.37:305][  0]LogInit:  CurlRequestOptions (configurable via config and command line):
[2015.09.09-08.46.37:305][  0]LogInit:  - bVerifyPeer = true  - Libcurl will verify peer certificate
[2015.09.09-08.46.37:305][  0]LogInit:  - bUseHttpProxy = false  - Libcurl will NOT use HTTP proxy
[2015.09.09-08.46.37:305][  0]LogInit:  - bDontReuseConnections = false  - Libcurl will reuse connections
[2015.09.09-08.46.37:305][  0]LogInit:  - CertBundlePath = nullptr  - Libcurl will use whatever was configured at build time.
[2015.09.09-08.46.37:342][  0]LogInit: Presizing for 0 objects not considered by GC, pre-allocating 0 bytes.
[2015.09.09-08.46.37:381][  0]LogInit: Object subsystem initialized
[2015.09.09-08.46.37:387][  0]LogInit: Selected Device Profile: [Windows]
[2015.09.09-08.46.37:387][  0]LogInit: Applying CVar settings loaded from the selected device profile: [Windows]
[2015.09.09-08.46.37:424][  0]LogInit: Computer: KREW
[2015.09.09-08.46.37:424][  0]LogInit: User: Willo
[2015.09.09-08.46.37:424][  0]LogInit: CPU Page size=4096, Cores=4
[2015.09.09-08.46.37:424][  0]LogInit: High frequency timer resolution =2.435881 MHz
[2015.09.09-08.46.37:424][  0]LogMemory: Memory total: Physical=12.0GB (12GB approx)
[2015.09.09-08.46.37:424][  0]LogMemory: Platform Memory Stats for Windows
[2015.09.09-08.46.37:424][  0]LogMemory: Process Physical Memory: 54.24 MB used, 54.24 MB peak
[2015.09.09-08.46.37:424][  0]LogMemory: Process Virtual Memory: 55.30 MB used, 55.30 MB peak
[2015.09.09-08.46.37:424][  0]LogMemory: Physical Memory: 4299.09 MB used, 12265.51 MB total
[2015.09.09-08.46.37:424][  0]LogMemory: Virtual Memory: 364.33 MB used, 134217728.00 MB total
[2015.09.09-08.46.37:537][  0]LogTextLocalizationManager: No translations for ('sv-SE') exist, falling back to 'en' for localization and internationalization data.
[2015.09.09-08.46.40:952][  0]LogD3D11RHI: Found D3D11 adapter 0: NVIDIA GeForce GTX 570M (Feature Level 11_0)
[2015.09.09-08.46.40:952][  0]LogD3D11RHI: Adapter has 1484MB of dedicated video memory, 0MB of dedicated system memory, and 2559MB of shared system memory, 2 output[s]
[2015.09.09-08.46.40:972][  0]LogD3D11RHI: Found D3D11 adapter 1: Microsoft Basic Render Driver (Feature Level 11_0)
[2015.09.09-08.46.40:972][  0]LogD3D11RHI: Adapter has 0MB of dedicated video memory, 0MB of dedicated system memory, and 6132MB of shared system memory, 0 output[s]
[2015.09.09-08.46.40:972][  0]LogD3D11RHI: Chosen D3D11 Adapter Id = 0
[2015.09.09-08.46.40:985][  0]LogD3D11RHI: !Direct3DDevice
[2015.09.09-08.46.40:985][  0]LogRHI: Texture pool is 1039 MB (70% of 1484 MB)
[2015.09.09-08.46.41:022][  0]LogD3D11RHI: Async texture creation enabled
[2015.09.09-08.46.41:056][  0]LogShaderCompilers: Guid format shader working directory is 15 characters bigger than the processId version (../../../../../../DATA/Projekt/Zero/Intermediate/Shaders/WorkingDirectory/5836/).
[2015.09.09-08.46.41:057][  0]LogShaderCompilers: Cleaned the shader compiler working directory '../../../../../../DATA/Projekt/Zero/Intermediate/Shaders/tmp/A46A6B4A4D0C810B774AC8AE51803E29/'.
[2015.09.09-08.46.41:057][  0]LogShaderCompilers:Display: Using Local Shader Compiler.
[2015.09.09-08.46.46:390][  0]LogTemp:Display: Loaded TP AllDesktopTargetPlatform
[2015.09.09-08.46.46:413][  0]LogTemp:Display: Loaded TP WindowsClientTargetPlatform
[2015.09.09-08.46.46:438][  0]LogTemp:Display: Loaded TP WindowsNoEditorTargetPlatform
[2015.09.09-08.46.46:463][  0]LogTemp:Display: Loaded TP WindowsServerTargetPlatform
[2015.09.09-08.46.46:484][  0]LogTemp:Display: Loaded TP WindowsTargetPlatform
[2015.09.09-08.46.46:505][  0]LogTemp:Display: Loaded TP AndroidTargetPlatform
[2015.09.09-08.46.46:522][  0]LogTemp:Display: Loaded TP Android_ASTCTargetPlatform
[2015.09.09-08.46.46:537][  0]LogTemp:Display: Loaded TP Android_ATCTargetPlatform
[2015.09.09-08.46.46:553][  0]LogTemp:Display: Loaded TP Android_DXTTargetPlatform
[2015.09.09-08.46.46:570][  0]LogTemp:Display: Loaded TP Android_ETC1TargetPlatform
[2015.09.09-08.46.46:587][  0]LogTemp:Display: Loaded TP Android_ETC2TargetPlatform
[2015.09.09-08.46.46:603][  0]LogTemp:Display: Loaded TP Android_PVRTCTargetPlatform
[2015.09.09-08.46.46:605][  0]LogTemp:Display: Loaded TP HTML5TargetPlatform
[2015.09.09-08.46.46:645][  0]LogTemp:Display: Loaded TP IOSTargetPlatform
[2015.09.09-08.46.46:659][  0]LogTemp:Display: Loaded TP LinuxNoEditorTargetPlatform
[2015.09.09-08.46.46:673][  0]LogTemp:Display: Loaded TP LinuxServerTargetPlatform
[2015.09.09-08.46.46:687][  0]LogTemp:Display: Loaded TP LinuxTargetPlatform
[2015.09.09-08.46.46:688][  0]LogTargetPlatformManager:Display: Building Assets For Windows
[2015.09.09-08.46.47:076][  0]LogDerivedDataCache:Display: Max Cache Size: 512 MB
[2015.09.09-08.46.47:235][  0]LogDerivedDataCache: Loaded boot cache 0.16s 41MB C:/Users/Willo/AppData/Local/UnrealEngine/4.9/DerivedDataCache/Boot.ddc.
[2015.09.09-08.46.47:235][  0]LogDerivedDataCache:Display: Loaded Boot cache: C:/Users/Willo/AppData/Local/UnrealEngine/4.9/DerivedDataCache/Boot.ddc
[2015.09.09-08.46.47:236][  0]LogDerivedDataCache: FDerivedDataBackendGraph:  Pak pak cache file ../../../../../../DATA/Projekt/Zero/DerivedDataCache/DDC.ddp not found, will not use a pak cache.
[2015.09.09-08.46.47:236][  0]LogDerivedDataCache: Unable to find inner node Pak for hierarchical cache Hierarchy.
[2015.09.09-08.46.47:236][  0]LogDerivedDataCache: FDerivedDataBackendGraph:  CompressedPak pak cache file ../../../../../../DATA/Projekt/Zero/DerivedDataCache/Compressed.ddp not found, will not use a pak cache.
[2015.09.09-08.46.47:236][  0]LogDerivedDataCache: Unable to find inner node CompressedPak for hierarchical cache Hierarchy.
[2015.09.09-08.46.47:914][  0]LogDerivedDataCache:Display: Pak cache opened for reading ../../../Engine/DerivedDataCache/Compressed.ddp.
[2015.09.09-08.46.47:929][  0]LogDerivedDataCache: Using Local data cache path C:/Users/Willo/AppData/Local/UnrealEngine/Common/DerivedDataCache: Writable
[2015.09.09-08.46.48:826][  0]LogInit: Selected Device Profile: [Windows]
[2015.09.09-08.46.48:847][  0]LogContentStreaming: Texture pool size is 0.000000MB
[2015.09.09-08.46.49:457][  0]LogMeshUtilities: No automatic mesh reduction module available
[2015.09.09-08.46.49:457][  0]LogMeshUtilities: No automatic mesh merging module available
[2015.09.09-08.46.50:471][  0]LogInit: WinSock: version 1.1 (2.2), MaxSocks=32767, MaxUdp=65467
[2015.09.09-08.46.53:382][  0]UdpMessaging: Initializing bridge on interface 0.0.0.0:0 to multicast group 230.0.0.1:6666.
[2015.09.09-08.46.53:483][  0]LogAssetRegistry: FAssetRegistry took 0.0108 seconds to start up
[2015.09.09-08.46.53:675][  0]SourceControl: Info Source control is disabled
[2015.09.09-08.46.53:676][  0]SourceControl: Info Source control is disabled
[2015.09.09-08.46.53:688][  0]SourceControl: Info Source control is disabled
[2015.09.09-08.46.53:702][  0]SourceControl: Info Source control is disabled
[2015.09.09-08.46.53:862][  0]LogLinker:Warning: Asset '../../../Engine/Plugins/Runtime/LeapMotionController/Content/LM_PassthroughMaterial.uasset' has been saved with empty engine version. The asset will be loaded but may be incompatible.
[2015.09.09-08.46.53:946][  0]LogObj: 28361 objects as part of root set at end of initial load.
[2015.09.09-08.46.53:946][  0]LogUObjectAllocator: 6038872 out of 0 bytes used by permanent object pool.
[2015.09.09-08.46.54:007][  0]LogEngine: Initializing Engine...
[2015.09.09-08.46.54:009][  0]OCULUS: Info: [CAPI] LibOVR module is located at C:\WINDOWS\SYSTEM32\LibOVRRT64_0_6.dll

[2015.09.09-08.46.54:611][  0]OCULUS: Error: [CAPI] ovrHmd_Create failed to complete within the timeout period.
[2015.09.09-08.46.54:713][  0]LogHMD: SteamVR failed to initialize.  Err: 110
[2015.09.09-08.46.54:843][  0]LogAIModule: Creating AISystem for world NewWorld
[2015.09.09-08.46.54:849][  0]LogInit: XAudio2 using 'Speakers (Realtek High Definition Audio)' : 2 channels at 48 kHz using 32 bits per sample (channel mask 0x3)
[2015.09.09-08.46.54:868][  0]LogInit: FAudioDevice initialized.
[2015.09.09-08.46.54:889][  0]LogDerivedDataCache: Saved boot cache 0.02s 41MB C:/Users/Willo/AppData/Local/UnrealEngine/4.9/DerivedDataCache/Boot.ddc.
[2015.09.09-08.46.54:897][  0]LogInit: Texture streaming: Enabled
[2015.09.09-08.46.54:902][  0]LogAnalytics: Creating configured Analytics provider AnalyticsET
[2015.09.09-08.46.54:903][  0]LogAnalytics: [UEEditor.Rocket.Release] APIServer = http://et2.epicgames.com/ET2/. AppVersion = 4.9.0-2672455+++depot+UE4-Releases+4.9
[2015.09.09-08.46.54:903][  0]LogAnalytics: [UEEditor.Rocket.Release] SetUserId 78b1fb054bb455389a4eb88fbec61669|c91bf2efd0ea4f45925e7be4417cb738|d759af29-1f7e-474e-b0ae-cdd54b1788e3
[2015.09.09-08.46.54:903][  0]LogAnalytics: [UEEditor.Rocket.Release] AnalyticsET::StartSession
[2015.09.09-08.46.54:913][  0]LogWindowsTextInputMethodSystem:Display: IME system now deactivated.
[2015.09.09-08.46.54:931][  0]LogInit: Transaction tracking system initialized
[2015.09.09-08.46.54:963][  0]BlueprintLog: New page: Editor Load
[2015.09.09-08.46.55:046][  0]LocalizationService: Info Localization service is disabled
[2015.09.09-08.46.55:125][  0]LogConsoleResponse:Display: 
[2015.09.09-08.46.55:240][  0]LogCook:Display: Done creating registry. It took  0.00s.
[2015.09.09-08.46.55:302][  0]SourceControl: Info Source control is disabled
[2015.09.09-08.46.55:302][  0]Cmd: MAP LOAD FILE="../../../../../../DATA/Projekt/Zero/Content/Zer0/Maps/StartMenu.umap" TEMPLATE=0 SHOWPROGRESS=1 FEATURELEVEL=3
[2015.09.09-08.46.55:303][  0]LightingResults: New page: Lighting Build
[2015.09.09-08.46.55:306][  0]MapCheck: New page: Map Check
[2015.09.09-08.46.55:306][  0]LightingResults: New page: Lighting Build
[2015.09.09-08.46.55:316][  0]LogParticles: Destroying 0 GPU particle simulations for FXSystem 0x0000003577FFFCE0
[2015.09.09-08.46.55:943][  0]LogBlueprint:Warning: [compiler StartMenu] Warning 'ReturnValue' is already a 'Player Controller', you don't need  Cast To PlayerController .
[2015.09.09-08.46.55:943][  0]LogBlueprint:Warning: [compiler StartMenu] Warning 'ReturnValue' is already a 'Player Controller', you don't need  Cast To PlayerController .
[2015.09.09-08.46.55:943][  0]LogBlueprint:Warning: [compiler StartMenu] Warning 'ReturnValue' is already a 'Player Controller', you don't need  Cast To PlayerController .
[2015.09.09-08.46.55:948][  0]LogBlueprint:Warning: [compiler StartMenu] Warning [0021.04] Compile of StartMenu successful, but with 3 Warning(s) [in 14 ms]
[2015.09.09-08.46.55:948][  0]LogBlueprint:Warning: [compiler StartMenu] Warning [0021.04] Compile of StartMenu successful, but with 4 Warning(s) [in 0 ms]
[2015.09.09-08.46.55:948][  0]LogBlueprint:Warning: [compiler StartMenu] Warning [0021.04] Compile of StartMenu successful, but with 5 Warning(s) [in 0 ms]
[2015.09.09-08.46.55:960][  0]LogBlueprint:Warning: [compiler StartMenu] Warning 'ReturnValue' is already a 'Player Controller', you don't need  Cast To PlayerController .
[2015.09.09-08.46.55:960][  0]LogBlueprint:Warning: [compiler StartMenu] Warning 'ReturnValue' is already a 'Player Controller', you don't need  Cast To PlayerController .
[2015.09.09-08.46.55:961][  0]LogBlueprint:Warning: [compiler StartMenu] Warning 'ReturnValue' is already a 'Player Controller', you don't need  Cast To PlayerController .
[2015.09.09-08.46.55:964][  0]LogBlueprint:Warning: [compiler StartMenu] Warning [0021.06] Compile of StartMenu successful, but with 3 Warning(s) [in 12 ms]
[2015.09.09-08.46.55:964][  0]LogBlueprint:Warning: [compiler StartMenu] Warning [0021.06] Compile of StartMenu successful, but with 4 Warning(s) [in 0 ms]
[2015.09.09-08.46.55:964][  0]LogBlueprint:Warning: [compiler StartMenu] Warning [0021.06] Compile of StartMenu successful, but with 5 Warning(s) [in 0 ms]
[2015.09.09-08.46.56:291][  0]LogAIModule: Creating AISystem for world StartMenu
[2015.09.09-08.46.56:298][  0]LogEditorServer: Finished looking for orphan Actors (0.000 secs)
[2015.09.09-08.46.56:299][  0]Cmd: MAP CHECKDEP NOCLEARLOG
[2015.09.09-08.46.56:351][  0]MapCheck: Info Map check complete: 0 Error(s), 0 Warning(s), took 52.262ms to complete.
[2015.09.09-08.46.56:351][  0]LogFileHelpers: Loading map 'StartMenu' took 1.049
[2015.09.09-08.46.56:429][  0]LogCollectionManager: Loaded 0 collections in 0.002143 seconds
[2015.09.09-08.46.56:473][  0]LogFileCache: Scanning file cache for directory 'D:/DATA/Projekt/Zero/Saved/Collections/' took 0.01s
[2015.09.09-08.46.56:473][  0]LogFileCache: Scanning file cache for directory 'D:/DATA/Projekt/Zero/Content/Developers/Willo/Collections/' took 0.01s
[2015.09.09-08.46.56:473][  0]LogFileCache: Scanning file cache for directory 'D:/DATA/Projekt/Zero/Content/Collections/' took 0.01s
[2015.09.09-08.46.56:473][  0]LogContentBrowser: Native class hierarchy populated in 0.0104 seconds. Added 1868 classes and 335 folders.
[2015.09.09-08.46.56:478][  0]LogCollectionManager: Rebuilt the GUID cache for 0 collections in 0.000003 seconds
[2015.09.09-08.46.56:485][  0]LogContentBrowser: Native class hierarchy updated for 'WidgetCarousel' in 0.0003 seconds. Added 0 classes and 0 folders.
[2015.09.09-08.46.56:531][  0]LogContentBrowser: Native class hierarchy updated for 'AddContentDialog' in 0.0003 seconds. Added 0 classes and 0 folders.
[2015.09.09-08.46.56:637][  0]LogCrashTracker: Crashtracker disabled due to settings.
[2015.09.09-08.46.56:654][  0]LogUObjectGlobals:Warning: Failed to find object 'Class None.'
[2015.09.09-08.46.56:677][  0]LogLoad: Full Startup: 21.77 seconds (BP compile: 0.26 seconds)
[2015.09.09-08.46.56:736][  0]LogContentStreaming: Texture pool size now 400 MB
[2015.09.09-08.46.56:912][  0]LogRenderer: Reallocating scene render targets to support 1072x924 (Frame:2).
[2015.09.09-08.46.57:289][  7]LogAssetRegistry: Asset discovery search completed in 3.8170 seconds
[2015.09.09-08.46.57:289][  7]LogCollectionManager: Rebuilt the object cache for 0 collections in 0.000001 seconds (found 0 objects)
[2015.09.09-08.46.57:289][  7]LogCollectionManager: Fixed up redirectors for 0 collections in 0.000031 seconds (updated 0 objects)
[2015.09.09-08.47.13:015][340]Cmd: CLOSE_SLATE_MAINFRAME
[2015.09.09-08.47.13:187][340]LogWindowsTextInputMethodSystem:Display: IME system now deactivated.
[2015.09.09-08.47.13:466][341]Cmd: QUIT_EDITOR
[2015.09.09-08.47.13:767][341]LogExit: Preparing to exit.
[2015.09.09-08.47.14:444][341]LogExit: Editor shut down
[2015.09.09-08.47.14:444][341]LogExit: Transaction tracking system shut down
[2015.09.09-08.47.14:451][341]LogParticles: Destroying 0 GPU particle simulations for FXSystem 0x000000357862D940
[2015.09.09-08.47.14:451][341]LogParticles: Destroying 0 GPU particle simulations for FXSystem 0x0000003502868EA0
[2015.09.09-08.47.14:592][341]LogExit: Object subsystem successfully closed.
[2015.09.09-08.47.14:604][341]LogD3D11RHI: Shutdown
[2015.09.09-08.47.14:604][341]LogD3D11RHI: CleanupD3DDevice
[2015.09.09-08.47.14:670][341]LogD3D11RHI: ~FD3D11DynamicRHI
[2015.09.09-08.47.14:686][341]LogModuleManager: Shutting down and abandoning module ExternalImagePicker (198)
[2015.09.09-08.47.14:686][341]LogModuleManager: Shutting down and abandoning module CrashTracker (197)
[2015.09.09-08.47.14:687][341]LogModuleManager: Shutting down and abandoning module SuperSearch (196)
[2015.09.09-08.47.14:687][341]LogModuleManager: Shutting down and abandoning module WidgetCarousel (195)
[2015.09.09-08.47.14:687][341]LogModuleManager: Shutting down and abandoning module AddContentDialog (194)
[2015.09.09-08.47.14:687][341]LogModuleManager: Shutting down and abandoning module EditorWidgets (193)
[2015.09.09-08.47.14:687][341]LogModuleManager: Shutting down and abandoning module CollectionManager (192)
[2015.09.09-08.47.14:688][341]LogModuleManager: Shutting down and abandoning module SceneOutliner (191)
[2015.09.09-08.47.14:688][341]LogModuleManager: Shutting down and abandoning module StatsViewer (190)
[2015.09.09-08.47.14:688][341]LogModuleManager: Shutting down and abandoning module FoliageEdit (189)
[2015.09.09-08.47.14:688][341]LogModuleManager: Shutting down and abandoning module LandscapeEditor (188)
[2015.09.09-08.47.14:688][341]LogModuleManager: Shutting down and abandoning module ActorPickerMode (187)
[2015.09.09-08.47.14:688][341]LogModuleManager: Shutting down and abandoning module GeometryMode (186)
[2015.09.09-08.47.14:688][341]LogModuleManager: Shutting down and abandoning module TextureAlignMode (185)
[2015.09.09-08.47.14:688][341]LogModuleManager: Shutting down and abandoning module BspMode (184)
[2015.09.09-08.47.14:688][341]LogModuleManager: Shutting down and abandoning module PlacementMode (183)
[2015.09.09-08.47.14:688][341]LogModuleManager: Shutting down and abandoning module AutomationWorker (182)
[2015.09.09-08.47.14:688][341]LogModuleManager: Shutting down and abandoning module CharacterAI (181)
[2015.09.09-08.47.14:688][341]LogModuleManager: Shutting down and abandoning module SmartSnapping (180)
[2015.09.09-08.47.14:688][341]LogModuleManager: Shutting down and abandoning module ViewportSnapping (179)
[2015.09.09-08.47.14:688][341]LogModuleManager: Shutting down and abandoning module LogVisualizer (178)
[2015.09.09-08.47.14:688][341]LogModuleManager: Shutting down and abandoning module GameProjectGeneration (177)
[2015.09.09-08.47.14:688][341]LogModuleManager: Shutting down and abandoning module IntroTutorials (176)
[2015.09.09-08.47.14:688][341]LogModuleManager: Shutting down and abandoning module EditorLiveStreaming (175)
[2015.09.09-08.47.14:688][341]LogModuleManager: Shutting down and abandoning module IOSPlatformEditor (174)
[2015.09.09-08.47.14:688][341]LogModuleManager: Shutting down and abandoning module HTML5PlatformEditor (173)
[2015.09.09-08.47.14:688][341]LogModuleManager: Shutting down and abandoning module AndroidDeviceDetection (172)
[2015.09.09-08.47.15:100][341]LogModuleManager: Shutting down and abandoning module AndroidPlatformEditor (171)
[2015.09.09-08.47.15:100][341]LogModuleManager: Shutting down and abandoning module IOSRuntimeSettings (170)
[2015.09.09-08.47.15:100][341]LogModuleManager: Shutting down and abandoning module AndroidRuntimeSettings (169)
[2015.09.09-08.47.15:100][341]LogModuleManager: Shutting down and abandoning module MergeActors (168)
[2015.09.09-08.47.15:100][341]LogModuleManager: Shutting down and abandoning module SizeMap (167)
[2015.09.09-08.47.15:100][341]LogModuleManager: Shutting down and abandoning module TreeMap (166)
[2015.09.09-08.47.15:100][341]LogModuleManager: Shutting down and abandoning module ReferenceViewer (165)
[2015.09.09-08.47.15:100][341]LogModuleManager: Shutting down and abandoning module LocalizationService (164)
[2015.09.09-08.47.15:100][341]LogModuleManager: Shutting down and abandoning module LocalizationDashboard (163)
[2015.09.09-08.47.15:100][341]LogModuleManager: Shutting down and abandoning module HardwareTargeting (162)
[2015.09.09-08.47.15:100][341]LogModuleManager: Shutting down and abandoning module DeviceProfileEditor (161)
[2015.09.09-08.47.15:100][341]LogModuleManager: Shutting down and abandoning module UndoHistory (160)
[2015.09.09-08.47.15:100][341]LogModuleManager: Shutting down and abandoning module GameplayTagsEditor (159)
[2015.09.09-08.47.15:100][341]LogModuleManager: Shutting down and abandoning module UserFeedback (158)
[2015.09.09-08.47.15:100][341]LogModuleManager: Shutting down and abandoning module XmlParser (157)
[2015.09.09-08.47.15:100][341]LogModuleManager: Shutting down and abandoning module Blutility (156)
[2015.09.09-08.47.15:100][341]LogModuleManager: Shutting down and abandoning module ProjectTargetPlatformEditor (155)
[2015.09.09-08.47.15:100][341]LogModuleManager: Shutting down and abandoning module ProjectSettingsViewer (154)
[2015.09.09-08.47.15:100][341]LogModuleManager: Shutting down and abandoning module InputBindingEditor (153)
[2015.09.09-08.47.15:100][341]LogModuleManager: Shutting down and abandoning module EditorSettingsViewer (152)
[2015.09.09-08.47.15:100][341]LogModuleManager: Shutting down and abandoning module SettingsEditor (151)
[2015.09.09-08.47.15:100][341]LogModuleManager: Shutting down and abandoning module ProjectLauncher (150)
[2015.09.09-08.47.15:100][341]LogModuleManager: Shutting down and abandoning module SessionFrontend (149)
[2015.09.09-08.47.15:101][341]LogModuleManager: Shutting down and abandoning module ProfilerClient (148)
[2015.09.09-08.47.15:101][341]LogModuleManager: Shutting down and abandoning module TargetDeviceServices (147)
[2015.09.09-08.47.15:101][341]LogModuleManager: Shutting down and abandoning module DeviceManager (146)
[2015.09.09-08.47.15:101][341]LogModuleManager: Shutting down and abandoning module AutomationController (145)
[2015.09.09-08.47.15:101][341]LogModuleManager: Shutting down and abandoning module AutomationWindow (144)
[2015.09.09-08.47.15:101][341]LogModuleManager: Shutting down and abandoning module Layers (143)
[2015.09.09-08.47.15:101][341]LogModuleManager: Shutting down and abandoning module ComponentVisualizers (142)
[2015.09.09-08.47.15:101][341]LogModuleManager: Shutting down and abandoning module DetailCustomizations (141)
[2015.09.09-08.47.15:101][341]LogModuleManager: Shutting down and abandoning module PackagesDialog (140)
[2015.09.09-08.47.15:101][341]LogModuleManager: Shutting down and abandoning module Persona (139)
[2015.09.09-08.47.15:101][341]LogModuleManager: Shutting down and abandoning module Kismet (138)
[2015.09.09-08.47.15:101][341]LogModuleManager: Shutting down and abandoning module GraphEditor (137)
[2015.09.09-08.47.15:101][341]LogModuleManager: Shutting down and abandoning module ClassViewer (136)
[2015.09.09-08.47.15:101][341]LogModuleManager: Shutting down and abandoning module Toolbox (135)
[2015.09.09-08.47.15:101][341]LogModuleManager: Shutting down and abandoning module ModuleUI (134)
[2015.09.09-08.47.15:101][341]LogModuleManager: Shutting down and abandoning module MovieSceneTools (133)
[2015.09.09-08.47.15:101][341]LogModuleManager: Shutting down and abandoning module OutputLog (132)
[2015.09.09-08.47.15:101][341]LogModuleManager: Shutting down and abandoning module GammaUI (131)
[2015.09.09-08.47.15:101][341]LogModuleManager: Shutting down and abandoning module Documentation (130)
[2015.09.09-08.47.15:101][341]LogModuleManager: Shutting down and abandoning module GameLiveStreaming (129)
[2015.09.09-08.47.15:101][341]LogModuleManager: Shutting down and abandoning module StreamingPauseRendering (128)
[2015.09.09-08.47.15:101][341]LogModuleManager: Shutting down and abandoning module AnalyticsET (127)
[2015.09.09-08.47.15:101][341]LogModuleManager: Shutting down and abandoning module Analytics (126)
[2015.09.09-08.47.15:101][341]LogModuleManager: Shutting down and abandoning module AITestSuite (125)
[2015.09.09-08.47.15:101][341]LogModuleManager: Shutting down and abandoning module GameplayDebugger (124)
[2015.09.09-08.47.15:101][341]LogModuleManager: Shutting down and abandoning module AIModule (123)
[2015.09.09-08.47.15:101][341]LogModuleManager: Shutting down and abandoning module ProfilerService (122)
[2015.09.09-08.47.15:221][341]LogModuleManager: Shutting down and abandoning module TaskGraph (121)
[2015.09.09-08.47.15:221][341]LogModuleManager: Shutting down and abandoning module SlateRemote (120)
[2015.09.09-08.47.15:221][341]LogModuleManager: Shutting down and abandoning module SteamVRController (119)
[2015.09.09-08.47.15:221][341]LogModuleManager: Shutting down and abandoning module SteamVR (118)
[2015.09.09-08.47.15:221][341]LogModuleManager: Shutting down and abandoning module ProceduralMeshComponent (117)
[2015.09.09-08.47.15:221][341]LogModuleManager: Shutting down and abandoning module OculusRift (116)
[2015.09.09-08.47.15:221][341]LogModuleManager: Shutting down and abandoning module OculusLibrary (115)
[2015.09.09-08.47.15:221][341]LogModuleManager: Shutting down and abandoning module LeapMotionController (114)
[2015.09.09-08.47.15:235][341]LogModuleManager: Shutting down and abandoning module CustomMeshComponent (113)
[2015.09.09-08.47.15:235][341]LogModuleManager: Shutting down and abandoning module CableComponent (112)
[2015.09.09-08.47.15:235][341]LogModuleManager: Shutting down and abandoning module ArchVisCharacter (111)
[2015.09.09-08.47.15:235][341]LogModuleManager: Shutting down and abandoning module MessagingDebugger (110)
[2015.09.09-08.47.15:235][341]LogModuleManager: Shutting down and abandoning module MediaPlayerEditor (109)
[2015.09.09-08.47.15:235][341]LogModuleManager: Shutting down and abandoning module HTML5Networking (108)
[2015.09.09-08.47.15:235][341]LogModuleManager: Shutting down and abandoning module SpeedTreeImporter (107)
[2015.09.09-08.47.15:235][341]LogModuleManager: Shutting down and abandoning module PluginBrowser (106)
[2015.09.09-08.47.15:235][341]LogModuleManager: Shutting down and abandoning module EpicSurvey (105)
[2015.09.09-08.47.15:235][341]LogModuleManager: Shutting down and abandoning module DesktopPlatform (104)
[2015.09.09-08.47.15:235][341]LogModuleManager: Shutting down and abandoning module VisualStudioSourceCodeAccess (103)
[2015.09.09-08.47.15:235][341]LogModuleManager: Shutting down and abandoning module UObjectPlugin (102)
[2015.09.09-08.47.15:235][341]LogModuleManager: Shutting down and abandoning module SubversionSourceControl (101)
[2015.09.09-08.47.15:235][341]LogModuleManager: Shutting down and abandoning module PerforceSourceControl (100)
[2015.09.09-08.47.15:235][341]LogModuleManager: Shutting down and abandoning module SourceControl (99)
[2015.09.09-08.47.15:235][341]LogModuleManager: Shutting down and abandoning module GitSourceControl (98)
[2015.09.09-08.47.15:235][341]LogModuleManager: Shutting down and abandoning module LightPropagationVolumeEditor (97)
[2015.09.09-08.47.15:235][341]LogModuleManager: Shutting down and abandoning module PaperTiledImporter (96)
[2015.09.09-08.47.15:235][341]LogModuleManager: Shutting down and abandoning module PaperSpriteSheetImporter (95)
[2015.09.09-08.47.15:235][341]LogModuleManager: Shutting down and abandoning module MeshPaint (94)
[2015.09.09-08.47.15:235][341]LogModuleManager: Shutting down and abandoning module SlateReflector (93)
[2015.09.09-08.47.15:235][341]LogModuleManager: Shutting down and abandoning module HotReload (92)
[2015.09.09-08.47.15:235][341]LogModuleManager: Shutting down and abandoning module MainFrame (91)
[2015.09.09-08.47.15:235][341]LogModuleManager: Shutting down and abandoning module LevelEditor (90)
[2015.09.09-08.47.15:236][341]LogModuleManager: Shutting down and abandoning module DirectoryWatcher (89)
[2015.09.09-08.47.15:237][341]LogModuleManager: Shutting down and abandoning module AssetRegistry (88)
[2015.09.09-08.47.15:366][341]LogModuleManager: Shutting down and abandoning module ContentBrowser (87)
[2015.09.09-08.47.15:367][341]LogModuleManager: Shutting down and abandoning module Paper2DEditor (86)
[2015.09.09-08.47.15:367][341]LogModuleManager: Shutting down and abandoning module UdpMessaging (85)
[2015.09.09-08.47.15:468][341]LogModuleManager: Shutting down and abandoning module LightPropagationVolumeRuntime (84)
[2015.09.09-08.47.15:468][341]LogModuleManager: Shutting down and abandoning module Paper2D (83)
[2015.09.09-08.47.15:468][341]LogModuleManager: Shutting down and abandoning module WindowsMoviePlayer (82)
[2015.09.09-08.47.15:471][341]LogModuleManager: Shutting down and abandoning module Media (81)
[2015.09.09-08.47.15:471][341]LogModuleManager: Shutting down and abandoning module WmfMedia (80)
[2015.09.09-08.47.15:471][341]LogModuleManager: Shutting down and abandoning module OnlineBlueprintSupport (79)
[2015.09.09-08.47.15:471][341]LogModuleManager: Shutting down and abandoning module GameplayTasksEditor (78)
[2015.09.09-08.47.15:471][341]LogModuleManager: Shutting down and abandoning module PropertyEditor (77)
[2015.09.09-08.47.15:471][341]LogModuleManager: Shutting down and abandoning module BehaviorTreeEditor (76)
[2015.09.09-08.47.15:471][341]LogModuleManager: Shutting down and abandoning module FunctionalTesting (75)
[2015.09.09-08.47.15:471][341]LogModuleManager: Shutting down and abandoning module CollisionAnalyzer (74)
[2015.09.09-08.47.15:471][341]LogModuleManager: Shutting down and abandoning module WorkspaceMenuStructure (73)
[2015.09.09-08.47.15:472][341]LogModuleManager: Shutting down and abandoning module MessageLog (72)
[2015.09.09-08.47.15:472][341]LogModuleManager: Shutting down and abandoning module Sequencer (71)
[2015.09.09-08.47.15:472][341]LogModuleManager: Shutting down and abandoning module AssetTools (70)
[2015.09.09-08.47.15:472][341]LogModuleManager: Shutting down and abandoning module UMGEditor (69)
[2015.09.09-08.47.15:472][341]LogModuleManager: Shutting down and abandoning module UMG (68)
[2015.09.09-08.47.15:472][341]LogModuleManager: Shutting down and abandoning module Slate (67)
[2015.09.09-08.47.15:472][341]LogModuleManager: Shutting down and abandoning module EditorStyle (66)
[2015.09.09-08.47.15:473][341]LogModuleManager: Shutting down and abandoning module SessionServices (65)
[2015.09.09-08.47.15:473][341]LogModuleManager: Shutting down and abandoning module SourceCodeAccess (64)
[2015.09.09-08.47.15:473][341]LogModuleManager: Shutting down and abandoning module HeadMountedDisplay (63)
[2015.09.09-08.47.15:473][341]LogModuleManager: Shutting down and abandoning module XAudio2 (62)
[2015.09.09-08.47.15:473][341]LogModuleManager: Shutting down and abandoning module Networking (60)
[2015.09.09-08.47.15:473][341]LogModuleManager: Shutting down and abandoning module Core (59)
[2015.09.09-08.47.15:473][341]LogModuleManager: Shutting down and abandoning module KismetCompiler (58)
[2015.09.09-08.47.15:473][341]LogModuleManager: Shutting down and abandoning module PhysXFormats (57)
[2015.09.09-08.47.15:473][341]LogModuleManager: Shutting down and abandoning module MeshUtilities (56)
[2015.09.09-08.47.15:473][341]LogModuleManager: Shutting down and abandoning module CookingStats (55)
[2015.09.09-08.47.15:474][341]LogModuleManager: Shutting down and abandoning module DerivedDataCache (54)
[2015.09.09-08.47.15:942][341]LogDerivedDataCache: Shutdown
[2015.09.09-08.47.15:942][341]LogModuleManager: Shutting down and abandoning module ShaderFormatOpenGL (53)
[2015.09.09-08.47.15:942][341]LogModuleManager: Shutting down and abandoning module ShaderFormatD3D (52)
[2015.09.09-08.47.15:942][341]LogModuleManager: Shutting down and abandoning module MetalShaderFormat (51)
[2015.09.09-08.47.15:942][341]LogModuleManager: Shutting down and abandoning module TextureFormatUncompressed (50)
[2015.09.09-08.47.15:942][341]LogModuleManager: Shutting down and abandoning module TextureFormatPVR (49)
[2015.09.09-08.47.15:942][341]LogModuleManager: Shutting down and abandoning module TextureFormatIntelISPCTexComp (48)
[2015.09.09-08.47.15:942][341]LogModuleManager: Shutting down and abandoning module TextureFormatDXT (47)
[2015.09.09-08.47.15:942][341]LogModuleManager: Shutting down and abandoning module ImageWrapper (46)
[2015.09.09-08.47.15:942][341]LogModuleManager: Shutting down and abandoning module TextureFormatASTC (45)
[2015.09.09-08.47.15:942][341]LogModuleManager: Shutting down and abandoning module TextureFormatAndroid (44)
[2015.09.09-08.47.15:942][341]LogModuleManager: Shutting down and abandoning module AudioFormatOpus (43)
[2015.09.09-08.47.15:942][341]LogModuleManager: Shutting down and abandoning module AudioFormatOgg (42)
[2015.09.09-08.47.15:942][341]LogModuleManager: Shutting down and abandoning module AudioFormatADPCM (41)
[2015.09.09-08.47.15:942][341]LogModuleManager: Shutting down and abandoning module LinuxTargetPlatform (40)
[2015.09.09-08.47.15:942][341]LogModuleManager: Shutting down and abandoning module LinuxServerTargetPlatform (39)
[2015.09.09-08.47.15:942][341]LogModuleManager: Shutting down and abandoning module LinuxNoEditorTargetPlatform (38)
[2015.09.09-08.47.15:942][341]LogModuleManager: Shutting down and abandoning module Messaging (37)
[2015.09.09-08.47.15:942][341]LogModuleManager: Shutting down and abandoning module IOSTargetPlatform (36)
[2015.09.09-08.47.15:942][341]LogModuleManager: Shutting down and abandoning module HTML5TargetPlatform (35)
[2015.09.09-08.47.15:942][341]LogModuleManager: Shutting down and abandoning module Android_PVRTCTargetPlatform (34)
[2015.09.09-08.47.15:942][341]LogModuleManager: Shutting down and abandoning module Android_ETC2TargetPlatform (33)
[2015.09.09-08.47.15:942][341]LogModuleManager: Shutting down and abandoning module Android_ETC1TargetPlatform (32)
[2015.09.09-08.47.15:942][341]LogModuleManager: Shutting down and abandoning module Android_DXTTargetPlatform (31)
[2015.09.09-08.47.15:942][341]LogModuleManager: Shutting down and abandoning module Android_ATCTargetPlatform (30)
[2015.09.09-08.47.15:942][341]LogModuleManager: Shutting down and abandoning module Android_ASTCTargetPlatform (29)
[2015.09.09-08.47.15:942][341]LogModuleManager: Shutting down and abandoning module AndroidTargetPlatform (28)
[2015.09.09-08.47.15:942][341]LogModuleManager: Shutting down and abandoning module WindowsTargetPlatform (27)
[2015.09.09-08.47.15:942][341]LogModuleManager: Shutting down and abandoning module WindowsServerTargetPlatform (26)
[2015.09.09-08.47.15:942][341]LogModuleManager: Shutting down and abandoning module WindowsNoEditorTargetPlatform (25)
[2015.09.09-08.47.15:942][341]LogModuleManager: Shutting down and abandoning module WindowsClientTargetPlatform (24)
[2015.09.09-08.47.15:942][341]LogModuleManager: Shutting down and abandoning module AllDesktopTargetPlatform (23)
[2015.09.09-08.47.15:942][341]LogModuleManager: Shutting down and abandoning module TargetPlatform (22)
[2015.09.09-08.47.15:942][341]LogModuleManager: Shutting down and abandoning module InputCore (21)
[2015.09.09-08.47.15:942][341]LogModuleManager: Shutting down and abandoning module Settings (20)
[2015.09.09-08.47.15:942][341]LogModuleManager: Shutting down and abandoning module OnlineSubsystem (18)
[2015.09.09-08.47.15:942][341]LogModuleManager: Shutting down and abandoning module HTTP (17)
[2015.09.09-08.47.17:946][341]LogModuleManager: Shutting down and abandoning module XMPP (16)
[2015.09.09-08.47.17:946][341]LogModuleManager: Shutting down and abandoning module ExampleDeviceProfileSelector (15)
[2015.09.09-08.47.17:946][341]LogModuleManager: Shutting down and abandoning module TextureCompressor (14)
[2015.09.09-08.47.17:946][341]LogModuleManager: Shutting down and abandoning module ShaderCore (13)
[2015.09.09-08.47.17:946][341]LogModuleManager: Shutting down and abandoning module Landscape (12)
[2015.09.09-08.47.17:946][341]LogModuleManager: Shutting down and abandoning module SlateRHIRenderer (11)
[2015.09.09-08.47.17:947][341]LogModuleManager: Shutting down and abandoning module OpenGLDrv (10)
[2015.09.09-08.47.17:947][341]LogModuleManager: Shutting down and abandoning module D3D11RHI (9)
[2015.09.09-08.47.17:947][341]LogModuleManager: Shutting down and abandoning module AnimGraphRuntime (8)
[2015.09.09-08.47.17:947][341]LogModuleManager: Shutting down and abandoning module Renderer (7)
[2015.09.09-08.47.17:947][341]LogModuleManager: Shutting down and abandoning module Engine (6)
[2015.09.09-08.47.17:947][341]LogModuleManager: Shutting down and abandoning module CoreUObject (5)
[2015.09.09-08.47.17:947][341]LogModuleManager: Shutting down and abandoning module NetworkFile (4)
[2015.09.09-08.47.17:947][341]LogModuleManager: Shutting down and abandoning module StreamingFile (3)
[2015.09.09-08.47.17:947][341]LogModuleManager: Shutting down and abandoning module SandboxFile (2)
[2015.09.09-08.47.17:947][341]LogModuleManager: Shutting down and abandoning module PakFile (1)
[2015.09.09-08.47.17:948][341]LogExit: Exiting.
[2015.09.09-08.47.17:949][341]Log file closed, 09/09/15 10:47:17
