[2015.09.09-07.54.58:603][  0]Log file open, 09/09/15 09:54:58
[2015.09.09-07.54.58:603][  0]LogInit:Display: Running engine for game: Zero
[2015.09.09-07.54.58:603][  0]LogInit:Display: RandInit(1737019804) SRandInit(1737019805).
[2015.09.09-07.54.58:603][  0]LogTaskGraph: Started task graph with 4 named threads and 7 total threads.
[2015.09.09-07.54.58:603][  0]LogStats: Stats thread started at 3.532457
[2015.09.09-07.54.58:603][  0]LogInit: Version: 4.9.0-2672455+++depot+UE4-Releases+4.9
[2015.09.09-07.54.58:615][  0]LogInit: API Version: 2672455
[2015.09.09-07.54.58:615][  0]LogInit: Compiled (64-bit): Aug 28 2015 12:33:01
[2015.09.09-07.54.58:615][  0]LogInit: Compiled with Visual C++: 18.00.21005.01
[2015.09.09-07.54.58:615][  0]LogInit: Build Configuration: Development
[2015.09.09-07.54.58:615][  0]LogInit: Branch Name: ++depot+UE4-Releases+4.9
[2015.09.09-07.54.58:615][  0]LogInit: Command line:  
[2015.09.09-07.54.58:615][  0]LogInit: Base directory: D:/Program Files/Epic Games/4.9/Engine/Binaries/Win64/
[2015.09.09-07.54.58:615][  0]LogInit: Rocket: 1
[2015.09.09-07.54.58:874][  0]LogInit: Using libcurl 7.41.0
[2015.09.09-07.54.58:874][  0]LogInit:  - built for x86_64-pc-win32
[2015.09.09-07.54.58:874][  0]LogInit:  - supports SSL with WinSSL
[2015.09.09-07.54.58:874][  0]LogInit:  - other features:
[2015.09.09-07.54.58:874][  0]LogInit:      CURL_VERSION_SSL
[2015.09.09-07.54.58:874][  0]LogInit:      CURL_VERSION_IPV6
[2015.09.09-07.54.58:874][  0]LogInit:      CURL_VERSION_ASYNCHDNS
[2015.09.09-07.54.58:874][  0]LogInit:      CURL_VERSION_LARGEFILE
[2015.09.09-07.54.58:883][  0]LogInit:      CURL_VERSION_IDN
[2015.09.09-07.54.58:890][  0]LogInit:  CurlRequestOptions (configurable via config and command line):
[2015.09.09-07.54.58:890][  0]LogInit:  - bVerifyPeer = true  - Libcurl will verify peer certificate
[2015.09.09-07.54.58:890][  0]LogInit:  - bUseHttpProxy = false  - Libcurl will NOT use HTTP proxy
[2015.09.09-07.54.58:890][  0]LogInit:  - bDontReuseConnections = false  - Libcurl will reuse connections
[2015.09.09-07.54.58:890][  0]LogInit:  - CertBundlePath = nullptr  - Libcurl will use whatever was configured at build time.
[2015.09.09-07.54.59:041][  0]LogInit: Presizing for 0 objects not considered by GC, pre-allocating 0 bytes.
[2015.09.09-07.54.59:254][  0]LogInit: Object subsystem initialized
[2015.09.09-07.54.59:443][  0]LogInit: Selected Device Profile: [Windows]
[2015.09.09-07.54.59:443][  0]LogInit: Applying CVar settings loaded from the selected device profile: [Windows]
[2015.09.09-07.54.59:562][  0]LogInit: Computer: KREW
[2015.09.09-07.54.59:562][  0]LogInit: User: Willo
[2015.09.09-07.54.59:562][  0]LogInit: CPU Page size=4096, Cores=4
[2015.09.09-07.54.59:562][  0]LogInit: High frequency timer resolution =2.435881 MHz
[2015.09.09-07.54.59:565][  0]LogMemory: Memory total: Physical=12.0GB (12GB approx)
[2015.09.09-07.54.59:566][  0]LogMemory: Platform Memory Stats for Windows
[2015.09.09-07.54.59:566][  0]LogMemory: Process Physical Memory: 54.88 MB used, 54.88 MB peak
[2015.09.09-07.54.59:566][  0]LogMemory: Process Virtual Memory: 55.30 MB used, 55.30 MB peak
[2015.09.09-07.54.59:566][  0]LogMemory: Physical Memory: 3615.68 MB used, 12265.51 MB total
[2015.09.09-07.54.59:566][  0]LogMemory: Virtual Memory: 364.80 MB used, 134217728.00 MB total
[2015.09.09-07.55.01:087][  0]LogTextLocalizationManager: No translations for ('sv-SE') exist, falling back to 'en' for localization and internationalization data.
[2015.09.09-07.55.02:672][  0]LogD3D11RHI: Found D3D11 adapter 0: NVIDIA GeForce GTX 570M (Feature Level 11_0)
[2015.09.09-07.55.02:672][  0]LogD3D11RHI: Adapter has 1484MB of dedicated video memory, 0MB of dedicated system memory, and 2559MB of shared system memory, 2 output[s]
[2015.09.09-07.55.02:673][  0]LogD3D11RHI: Found D3D11 adapter 1: Microsoft Basic Render Driver (Feature Level 11_0)
[2015.09.09-07.55.02:673][  0]LogD3D11RHI: Adapter has 0MB of dedicated video memory, 0MB of dedicated system memory, and 6132MB of shared system memory, 0 output[s]
[2015.09.09-07.55.02:673][  0]LogD3D11RHI: Chosen D3D11 Adapter Id = 0
[2015.09.09-07.55.02:676][  0]LogD3D11RHI: !Direct3DDevice
[2015.09.09-07.55.02:677][  0]LogRHI: Texture pool is 1039 MB (70% of 1484 MB)
[2015.09.09-07.55.02:684][  0]LogD3D11RHI: Async texture creation enabled
[2015.09.09-07.55.03:021][  0]LogShaderCompilers: Guid format shader working directory is 15 characters bigger than the processId version (../../../../../../DATA/Projekt/Zero/Intermediate/Shaders/WorkingDirectory/8340/).
[2015.09.09-07.55.03:021][  0]LogShaderCompilers: Cleaned the shader compiler working directory '../../../../../../DATA/Projekt/Zero/Intermediate/Shaders/tmp/7AACC650443E0DCC84979AA9C19883B1/'.
[2015.09.09-07.55.03:030][  0]LogShaderCompilers:Display: Using Local Shader Compiler.
[2015.09.09-07.55.07:101][  0]LogTemp:Display: Loaded TP AllDesktopTargetPlatform
[2015.09.09-07.55.07:108][  0]LogTemp:Display: Loaded TP WindowsClientTargetPlatform
[2015.09.09-07.55.07:114][  0]LogTemp:Display: Loaded TP WindowsNoEditorTargetPlatform
[2015.09.09-07.55.07:120][  0]LogTemp:Display: Loaded TP WindowsServerTargetPlatform
[2015.09.09-07.55.07:126][  0]LogTemp:Display: Loaded TP WindowsTargetPlatform
[2015.09.09-07.55.07:139][  0]LogTemp:Display: Loaded TP AndroidTargetPlatform
[2015.09.09-07.55.07:156][  0]LogTemp:Display: Loaded TP Android_ASTCTargetPlatform
[2015.09.09-07.55.07:164][  0]LogTemp:Display: Loaded TP Android_ATCTargetPlatform
[2015.09.09-07.55.07:177][  0]LogTemp:Display: Loaded TP Android_DXTTargetPlatform
[2015.09.09-07.55.07:194][  0]LogTemp:Display: Loaded TP Android_ETC1TargetPlatform
[2015.09.09-07.55.07:201][  0]LogTemp:Display: Loaded TP Android_ETC2TargetPlatform
[2015.09.09-07.55.07:210][  0]LogTemp:Display: Loaded TP Android_PVRTCTargetPlatform
[2015.09.09-07.55.07:211][  0]LogTemp:Display: Loaded TP HTML5TargetPlatform
[2015.09.09-07.55.07:436][  0]LogTemp:Display: Loaded TP IOSTargetPlatform
[2015.09.09-07.55.07:453][  0]LogTemp:Display: Loaded TP LinuxNoEditorTargetPlatform
[2015.09.09-07.55.07:465][  0]LogTemp:Display: Loaded TP LinuxServerTargetPlatform
[2015.09.09-07.55.07:483][  0]LogTemp:Display: Loaded TP LinuxTargetPlatform
[2015.09.09-07.55.07:483][  0]LogTargetPlatformManager:Display: Building Assets For Windows
[2015.09.09-07.55.08:271][  0]LogDerivedDataCache:Display: Max Cache Size: 512 MB
[2015.09.09-07.55.08:615][  0]LogDerivedDataCache: Loaded boot cache 0.34s 41MB C:/Users/Willo/AppData/Local/UnrealEngine/4.9/DerivedDataCache/Boot.ddc.
[2015.09.09-07.55.08:615][  0]LogDerivedDataCache:Display: Loaded Boot cache: C:/Users/Willo/AppData/Local/UnrealEngine/4.9/DerivedDataCache/Boot.ddc
[2015.09.09-07.55.08:615][  0]LogDerivedDataCache: FDerivedDataBackendGraph:  Pak pak cache file ../../../../../../DATA/Projekt/Zero/DerivedDataCache/DDC.ddp not found, will not use a pak cache.
[2015.09.09-07.55.08:615][  0]LogDerivedDataCache: Unable to find inner node Pak for hierarchical cache Hierarchy.
[2015.09.09-07.55.08:615][  0]LogDerivedDataCache: FDerivedDataBackendGraph:  CompressedPak pak cache file ../../../../../../DATA/Projekt/Zero/DerivedDataCache/Compressed.ddp not found, will not use a pak cache.
[2015.09.09-07.55.08:615][  0]LogDerivedDataCache: Unable to find inner node CompressedPak for hierarchical cache Hierarchy.
[2015.09.09-07.55.08:985][  0]LogDerivedDataCache:Display: Pak cache opened for reading ../../../Engine/DerivedDataCache/Compressed.ddp.
[2015.09.09-07.55.08:999][  0]LogDerivedDataCache: Using Local data cache path C:/Users/Willo/AppData/Local/UnrealEngine/Common/DerivedDataCache: Writable
[2015.09.09-07.55.20:247][  0]LogInit: Selected Device Profile: [Windows]
[2015.09.09-07.55.20:332][  0]LogContentStreaming: Texture pool size is 0.000000MB
[2015.09.09-07.55.21:715][  0]LogMeshUtilities: No automatic mesh reduction module available
[2015.09.09-07.55.21:715][  0]LogMeshUtilities: No automatic mesh merging module available
[2015.09.09-07.55.25:629][  0]LogInit: WinSock: version 1.1 (2.2), MaxSocks=32767, MaxUdp=65467
[2015.09.09-07.55.43:003][  0]UdpMessaging: Initializing bridge on interface 0.0.0.0:0 to multicast group 230.0.0.1:6666.
[2015.09.09-07.55.43:656][  0]LogAssetRegistry: FAssetRegistry took 0.0156 seconds to start up
[2015.09.09-07.55.45:882][  0]SourceControl: Info Source control is disabled
[2015.09.09-07.55.45:882][  0]SourceControl: Info Source control is disabled
[2015.09.09-07.55.45:941][  0]SourceControl: Info Source control is disabled
[2015.09.09-07.55.45:975][  0]SourceControl: Info Source control is disabled
[2015.09.09-07.55.47:713][  0]LogLinker:Warning: Asset '../../../Engine/Plugins/Runtime/LeapMotionController/Content/LM_PassthroughMaterial.uasset' has been saved with empty engine version. The asset will be loaded but may be incompatible.
[2015.09.09-07.55.48:318][  0]LogObj: 28361 objects as part of root set at end of initial load.
[2015.09.09-07.55.48:318][  0]LogUObjectAllocator: 6038872 out of 0 bytes used by permanent object pool.
[2015.09.09-07.55.49:604][  0]LogEngine: Initializing Engine...
[2015.09.09-07.55.49:720][  0]OCULUS: Info: [CAPI] LibOVR module is located at C:\WINDOWS\SYSTEM32\LibOVRRT64_0_6.dll

[2015.09.09-07.55.50:323][  0]OCULUS: Error: [CAPI] ovrHmd_Create failed to complete within the timeout period.
[2015.09.09-07.55.50:493][  0]LogHMD: SteamVR failed to initialize.  Err: 110
[2015.09.09-07.55.52:089][  0]LogAIModule: Creating AISystem for world NewWorld
[2015.09.09-07.55.52:370][  0]LogInit: XAudio2 using 'Speakers (Realtek High Definition Audio)' : 2 channels at 48 kHz using 32 bits per sample (channel mask 0x3)
[2015.09.09-07.55.52:393][  0]LogInit: FAudioDevice initialized.
[2015.09.09-07.55.52:425][  0]LogDerivedDataCache: Saved boot cache 0.02s 41MB C:/Users/Willo/AppData/Local/UnrealEngine/4.9/DerivedDataCache/Boot.ddc.
[2015.09.09-07.55.52:435][  0]LogInit: Texture streaming: Enabled
[2015.09.09-07.55.52:524][  0]LogAnalytics: Creating configured Analytics provider AnalyticsET
[2015.09.09-07.55.52:530][  0]LogAnalytics: [UEEditor.Rocket.Release] APIServer = http://et2.epicgames.com/ET2/. AppVersion = 4.9.0-2672455+++depot+UE4-Releases+4.9
[2015.09.09-07.55.52:530][  0]LogAnalytics: [UEEditor.Rocket.Release] SetUserId 78b1fb054bb455389a4eb88fbec61669|c91bf2efd0ea4f45925e7be4417cb738|d759af29-1f7e-474e-b0ae-cdd54b1788e3
[2015.09.09-07.55.52:530][  0]LogAnalytics: [UEEditor.Rocket.Release] AnalyticsET::StartSession
[2015.09.09-07.55.52:841][  0]LogInit: Transaction tracking system initialized
[2015.09.09-07.55.53:686][  0]BlueprintLog: New page: Editor Load
[2015.09.09-07.55.56:587][  0]LocalizationService: Info Localization service is disabled
[2015.09.09-07.55.57:849][  0]LogConsoleResponse:Display: 
[2015.09.09-07.56.04:194][  0]LogCook:Display: Done creating registry. It took  0.00s.
[2015.09.09-07.56.05:327][  0]SourceControl: Info Source control is disabled
[2015.09.09-07.56.05:408][  0]Cmd: MAP LOAD FILE="../../../../../../DATA/Projekt/Zero/Content/Zer0/Maps/StartMenu.umap" TEMPLATE=0 SHOWPROGRESS=1 FEATURELEVEL=3
[2015.09.09-07.56.05:469][  0]LightingResults: New page: Lighting Build
[2015.09.09-07.56.05:652][  0]MapCheck: New page: Map Check
[2015.09.09-07.56.05:652][  0]LightingResults: New page: Lighting Build
[2015.09.09-07.56.06:011][  0]LogParticles: Destroying 0 GPU particle simulations for FXSystem 0x0000000DCD83FCE0
[2015.09.09-07.56.09:118][  0]LogBlueprint:Warning: [compiler StartMenu] Warning 'ReturnValue' is already a 'Player Controller', you don't need  Cast To PlayerController .
[2015.09.09-07.56.09:118][  0]LogBlueprint:Warning: [compiler StartMenu] Warning 'ReturnValue' is already a 'Player Controller', you don't need  Cast To PlayerController .
[2015.09.09-07.56.09:118][  0]LogBlueprint:Warning: [compiler StartMenu] Warning 'ReturnValue' is already a 'Player Controller', you don't need  Cast To PlayerController .
[2015.09.09-07.56.09:122][  0]LogBlueprint:Warning: [compiler StartMenu] Warning [0077.70] Compile of StartMenu successful, but with 3 Warning(s) [in 59 ms]
[2015.09.09-07.56.09:154][  0]LogBlueprint:Warning: [compiler StartMenu] Warning [0077.74] Compile of StartMenu successful, but with 4 Warning(s) [in 0 ms]
[2015.09.09-07.56.09:154][  0]LogBlueprint:Warning: [compiler StartMenu] Warning [0077.74] Compile of StartMenu successful, but with 5 Warning(s) [in 0 ms]
[2015.09.09-07.56.09:165][  0]LogBlueprint:Warning: [compiler StartMenu] Warning 'ReturnValue' is already a 'Player Controller', you don't need  Cast To PlayerController .
[2015.09.09-07.56.09:165][  0]LogBlueprint:Warning: [compiler StartMenu] Warning 'ReturnValue' is already a 'Player Controller', you don't need  Cast To PlayerController .
[2015.09.09-07.56.09:165][  0]LogBlueprint:Warning: [compiler StartMenu] Warning 'ReturnValue' is already a 'Player Controller', you don't need  Cast To PlayerController .
[2015.09.09-07.56.09:169][  0]LogBlueprint:Warning: [compiler StartMenu] Warning [0077.75] Compile of StartMenu successful, but with 3 Warning(s) [in 10 ms]
[2015.09.09-07.56.09:169][  0]LogBlueprint:Warning: [compiler StartMenu] Warning [0077.75] Compile of StartMenu successful, but with 4 Warning(s) [in 0 ms]
[2015.09.09-07.56.09:169][  0]LogBlueprint:Warning: [compiler StartMenu] Warning [0077.75] Compile of StartMenu successful, but with 5 Warning(s) [in 0 ms]
[2015.09.09-07.56.10:474][  0]LogStaticMesh: Building static mesh ship1...
[2015.09.09-07.56.10:556][  0]LogStaticMesh: Built static mesh [0.082592.2s] /Game/TwinStickBP/Blueprints/ship1.ship1
[2015.09.09-07.56.10:642][  0]LogStaticMesh: Building static mesh ship3...
[2015.09.09-07.56.10:805][  0]LogStaticMesh: Built static mesh [0.166667.2s] /Game/Zer0/Meshes/ship3.ship3
[2015.09.09-07.56.10:837][  0]LogTexture:Display: Building textures: menuGrid (BGRA8)
[2015.09.09-07.56.11:289][  0]LogTexture:Display: Building textures: statsGrid (BGRA8)
[2015.09.09-07.56.12:812][  0]LogAIModule: Creating AISystem for world StartMenu
[2015.09.09-07.56.13:396][  0]LogEditorServer: Finished looking for orphan Actors (0.000 secs)
[2015.09.09-07.56.13:480][  0]Cmd: MAP CHECKDEP NOCLEARLOG
[2015.09.09-07.56.13:671][  0]MapCheck: Info Map check complete: 0 Error(s), 0 Warning(s), took 191.198ms to complete.
[2015.09.09-07.56.13:830][  0]LogFileHelpers: Loading map 'StartMenu' took 8.451
[2015.09.09-07.56.18:392][  0]LogCollectionManager: Loaded 0 collections in 0.002367 seconds
[2015.09.09-07.56.19:087][  0]LogFileCache: Scanning file cache for directory 'D:/DATA/Projekt/Zero/Saved/Collections/' took 0.01s
[2015.09.09-07.56.19:087][  0]LogFileCache: Scanning file cache for directory 'D:/DATA/Projekt/Zero/Content/Developers/Willo/Collections/' took 0.01s
[2015.09.09-07.56.19:087][  0]LogFileCache: Scanning file cache for directory 'D:/DATA/Projekt/Zero/Content/Collections/' took 0.01s
[2015.09.09-07.56.19:087][  0]LogContentBrowser: Native class hierarchy populated in 0.0663 seconds. Added 1867 classes and 333 folders.
[2015.09.09-07.56.19:734][  0]LogCollectionManager: Rebuilt the GUID cache for 0 collections in 0.000009 seconds
[2015.09.09-07.56.20:128][  0]LogContentBrowser: Native class hierarchy updated for 'WidgetCarousel' in 0.0004 seconds. Added 0 classes and 0 folders.
[2015.09.09-07.56.24:549][  0]LogContentBrowser: Native class hierarchy updated for 'AddContentDialog' in 0.0004 seconds. Added 0 classes and 0 folders.
[2015.09.09-07.56.24:869][  0]LogContentBrowser: Native class hierarchy updated for 'SceneOutliner' in 0.0004 seconds. Added 1 classes and 2 folders.
[2015.09.09-07.56.26:336][  0]LogCrashTracker: Crashtracker disabled due to settings.
[2015.09.09-07.56.26:453][  0]LogUObjectGlobals:Warning: Failed to find object 'Class None.'
[2015.09.09-07.56.26:518][  0]LogLoad: Full Startup: 95.10 seconds (BP compile: 1.32 seconds)
[2015.09.09-07.56.27:504][  0]LogContentStreaming: Texture pool size now 400 MB
[2015.09.09-07.56.27:878][  0]LogRenderer: Reallocating scene render targets to support 1208x576 (Frame:2).
[2015.09.09-07.56.29:825][  2]LogContentBrowser: Native class hierarchy updated for 'BlueprintGraph' in 0.0007 seconds. Added 107 classes and 0 folders.
[2015.09.09-07.56.34:539][  2]LogGraphPanel:Warning: Found NULL Node in GraphObj array. A node type has been deleted without creating an ActiveClassRedictor to K2Node_DeadClass.
[2015.09.09-07.56.34:539][  2]LogGraphPanel:Warning: Found NULL Node in GraphObj array. A node type has been deleted without creating an ActiveClassRedictor to K2Node_DeadClass.
[2015.09.09-07.56.34:539][  2]LogGraphPanel:Warning: Found NULL Node in GraphObj array. A node type has been deleted without creating an ActiveClassRedictor to K2Node_DeadClass.
[2015.09.09-07.56.34:539][  2]LogGraphPanel:Warning: Found NULL Node in GraphObj array. A node type has been deleted without creating an ActiveClassRedictor to K2Node_DeadClass.
[2015.09.09-07.56.38:518][ 14]LogAssetRegistry: Asset discovery search completed in 54.8764 seconds
[2015.09.09-07.56.38:518][ 14]LogCollectionManager: Rebuilt the object cache for 0 collections in 0.000001 seconds (found 0 objects)
[2015.09.09-07.56.38:518][ 14]LogCollectionManager: Fixed up redirectors for 0 collections in 0.000033 seconds (updated 0 objects)
[2015.09.09-07.58.04:718][993]LogEditorViewport: Clicking on Actor (context menu): BP_Sky_Sphere_C (Sky Sphere)
[2015.09.09-07.58.07:480][143]LogPlayLevel: PlayLevel: No blueprints needed recompiling
[2015.09.09-07.58.07:559][143]PIE: New page: PIE session: StartMenu (Sep 9, 2015, 11:58:07 AM)
[2015.09.09-07.58.07:605][143]LogPlayLevel: Creating play world package: /Game/Zer0/Maps/UEDPIE_0_StartMenu
[2015.09.09-07.58.07:715][143]LogBlueprintUserMessages: Serialization for Get node for variable 'speed' in Blueprint '/Game/Zer0/Maps/StartMenu.StartMenu:PersistentLevel.StartMenu' which is setup as pure
[2015.09.09-07.58.07:715][143]LogBlueprintUserMessages: Serialization for Get node for variable 'boost' in Blueprint '/Game/Zer0/Maps/StartMenu.StartMenu:PersistentLevel.StartMenu' which is setup as pure
[2015.09.09-07.58.07:715][143]LogBlueprintUserMessages: Serialization for Get node for variable 'health' in Blueprint '/Game/Zer0/Maps/StartMenu.StartMenu:PersistentLevel.StartMenu' which is setup as pure
[2015.09.09-07.58.07:716][143]LogBlueprintUserMessages: Serialization for Get node for variable 'RotatingMovement' in Blueprint '/Game/Zer0/Maps/StartMenu.StartMenu:PersistentLevel.StartMenu' which is setup as pure
[2015.09.09-07.58.07:716][143]LogBlueprintUserMessages: Serialization for Get node for variable 'RotatingMovement' in Blueprint '/Game/Zer0/Maps/StartMenu.StartMenu:PersistentLevel.StartMenu' which is setup as pure
[2015.09.09-07.58.07:716][143]LogBlueprintUserMessages: Serialization for Get node for variable 'RotatingMovement' in Blueprint '/Game/Zer0/Maps/StartMenu.StartMenu:PersistentLevel.StartMenu' which is setup as pure
[2015.09.09-07.58.07:716][143]LogBlueprintUserMessages: Serialization for Get node for variable 'RotatingMovement' in Blueprint '/Game/Zer0/Maps/StartMenu.StartMenu:PersistentLevel.StartMenu' which is setup as pure
[2015.09.09-07.58.07:716][143]LogBlueprintUserMessages: Serialization for Get node for variable 'RotatingMovement' in Blueprint '/Game/Zer0/Maps/StartMenu.StartMenu:PersistentLevel.StartMenu' which is setup as pure
[2015.09.09-07.58.07:716][143]LogBlueprintUserMessages: Serialization for Get node for variable 'RotatingMovement' in Blueprint '/Game/Zer0/Maps/StartMenu.StartMenu:PersistentLevel.StartMenu' which is setup as pure
[2015.09.09-07.58.07:716][143]LogBlueprintUserMessages: Serialization for Get node for variable 'RotatingMovement' in Blueprint '/Game/Zer0/Maps/StartMenu.StartMenu:PersistentLevel.StartMenu' which is setup as pure
[2015.09.09-07.58.07:717][143]LogBlueprintUserMessages: Serialization for Get node for variable 'RotatingMovement' in Blueprint '/Game/Zer0/Maps/StartMenu.StartMenu:PersistentLevel.StartMenu' which is setup as pure
[2015.09.09-07.58.07:717][143]LogBlueprintUserMessages: Serialization for Get node for variable 'RotatingMovement' in Blueprint '/Game/Zer0/Maps/StartMenu.StartMenu:PersistentLevel.StartMenu' which is setup as pure
[2015.09.09-07.58.07:832][143]LogPlayLevel: PIE: StaticDuplicateObject took: (0.219982s)
[2015.09.09-07.58.07:833][143]LogAIModule: Creating AISystem for world StartMenu
[2015.09.09-07.58.07:833][143]LogPlayLevel: PIE: World Init took: (0.000808s)
[2015.09.09-07.58.07:877][143]LogPlayLevel: PIE: Created PIE world by copying editor world from /Game/Zer0/Maps/StartMenu.StartMenu to /Game/Zer0/Maps/UEDPIE_0_StartMenu.StartMenu (0.272413s)
[2015.09.09-07.58.07:893][143]LogActorComponent: UnregisterComponent: (/Engine/Transient.RotatingMovement_GEN_VARIABLE) Not registered. Aborting.
[2015.09.09-07.58.07:894][143]LogActorComponent: UnregisterComponent: (/Engine/Transient.RotatingMovementComponent_0) Not registered. Aborting.
[2015.09.09-07.58.07:894][143]LogActorComponent: UnregisterComponent: (/Engine/Transient.RotatingMovementComponent_1) Not registered. Aborting.
[2015.09.09-07.58.08:661][143]LogInit: XAudio2 using 'Speakers (Realtek High Definition Audio)' : 2 channels at 48 kHz using 32 bits per sample (channel mask 0x3)
[2015.09.09-07.58.08:668][143]LogInit: FAudioDevice initialized.
[2015.09.09-07.58.09:320][143]LogWorld: Game class is 'MenuGameMode_C'
[2015.09.09-07.58.09:361][143]LogWorld: Bringing World /Game/Zer0/Maps/UEDPIE_0_StartMenu.StartMenu up for play (max tick rate 0) at 2015.09.09-09.58.09
[2015.09.09-07.58.09:361][143]LogActor:Warning: GameSession /Game/Zer0/Maps/UEDPIE_0_StartMenu.StartMenu:PersistentLevel.GameSession_0 has natively added scene component(s), but none of them were set as the actor's RootComponent - picking one arbitrarily
[2015.09.09-07.58.09:372][143]LogActor:Warning: GameNetworkManager /Game/Zer0/Maps/UEDPIE_0_StartMenu.StartMenu:PersistentLevel.GameNetworkManager_0 has natively added scene component(s), but none of them were set as the actor's RootComponent - picking one arbitrarily
[2015.09.09-07.58.09:914][143]LogWorld: Bringing up level for play took: 0.554278
[2015.09.09-07.58.11:326][143]PIE: Info Play in editor start time for /Game/Zer0/Maps/UEDPIE_0_StartMenu 4.231
[2015.09.09-07.58.14:959][402]LogScript:Warning: Accessed None 'CallFunc_Create_ReturnValue'
	gamemodeMenu_C /Engine/Transient.UnrealEdEngine_0:GameInstance_0.gamemodeMenu_C_2
	Function /Game/Zer0/UMG/gamemodeMenu.gamemodeMenu_C:ExecuteUbergraph_gamemodeMenu:0402
[2015.09.09-07.58.15:124][402]PIE:Error: Error Accessed None 'CallFunc_Create_ReturnValue' from node Add to Viewport in graph 'EventGraph' in blueprint gamemodeMenu
[2015.09.09-07.58.15:124][402]LogScript:Warning: Accessed None 'CallFunc_Create_ReturnValue2'
	gamemodeMenu_C /Engine/Transient.UnrealEdEngine_0:GameInstance_0.gamemodeMenu_C_2
	Function /Game/Zer0/UMG/gamemodeMenu.gamemodeMenu_C:ExecuteUbergraph_gamemodeMenu:0427
[2015.09.09-07.58.15:124][402]PIE:Error: Error Accessed None 'CallFunc_Create_ReturnValue2' from node Add to Viewport in graph 'EventGraph' in blueprint gamemodeMenu
[2015.09.09-07.58.21:996][ 54]LogPackageName: SearchForPackageOnDisk took   0.070s to resolve TwinStickExampleMap.umap.
[2015.09.09-07.58.22:140][ 54]LogPackageName: SearchForPackageOnDisk took   0.059s to resolve TwinStickExampleMap.umap.
[2015.09.09-07.58.22:140][ 54]LogNet: Browse: /Game/TwinStickBP/Maps/TwinStickExampleMap
[2015.09.09-07.58.22:147][ 54]LogLoad: LoadMap: /Game/TwinStickBP/Maps/TwinStickExampleMap
[2015.09.09-07.58.22:454][ 54]LogParticles: Destroying 0 GPU particle simulations for FXSystem 0x0000000D9DCAB420
[2015.09.09-07.58.22:682][ 54]Cmd: MEM
[2015.09.09-07.58.23:034][ 54]LogMemory: Platform Memory Stats for Windows
[2015.09.09-07.58.23:034][ 54]LogMemory: Process Physical Memory: 945.93 MB used, 954.46 MB peak
[2015.09.09-07.58.23:034][ 54]LogMemory: Process Virtual Memory: 1879.14 MB used, 1890.46 MB peak
[2015.09.09-07.58.23:034][ 54]LogMemory: Physical Memory: 4822.96 MB used, 12265.51 MB total
[2015.09.09-07.58.23:034][ 54]LogMemory: Virtual Memory: 2518.06 MB used, 134217728.00 MB total
[2015.09.09-07.58.23:034][ 54]LogMemory: 
[2015.09.09-07.58.23:034][ 54]Allocator Stats for TBB: (not implemented)
[2015.09.09-07.58.53:824][ 54]LogAIModule: Creating AISystem for world TwinStickExampleMap
[2015.09.09-07.58.53:825][ 54]LogWorld: Game class is 'TwinStickGameMode_C'
[2015.09.09-07.58.54:013][ 54]LogWorld: Bringing World /Game/TwinStickBP/Maps/UEDPIE_0_TwinStickExampleMap.TwinStickExampleMap up for play (max tick rate 3) at 2015.09.09-09.58.54
[2015.09.09-07.58.54:013][ 54]LogActor:Warning: GameSession /Game/TwinStickBP/Maps/UEDPIE_0_TwinStickExampleMap.TwinStickExampleMap:PersistentLevel.GameSession_1 has natively added scene component(s), but none of them were set as the actor's RootComponent - picking one arbitrarily
[2015.09.09-07.58.54:013][ 54]LogActor:Warning: GameNetworkManager /Game/TwinStickBP/Maps/UEDPIE_0_TwinStickExampleMap.TwinStickExampleMap:PersistentLevel.GameNetworkManager_1 has natively added scene component(s), but none of them were set as the actor's RootComponent - picking one arbitrarily
[2015.09.09-07.58.54:032][ 54]LogWorld: Bringing up level for play took: 0.170666
[2015.09.09-07.58.55:499][ 55]LogParticles: Destroying 0 GPU particle simulations for FXSystem 0x0000000DBA2D4900
[2015.09.09-08.00.58:665][606]LogRenderer: Reallocating scene render targets to support 1208x924 (Frame:3991).
[2015.09.09-08.03.30:006][395]LogAIModule: Creating AISystem for world TwinStickExampleMap
[2015.09.09-08.03.30:405][395]Cmd: MAP LOAD FILE="../../../../../../DATA/Projekt/Zero/Content/TwinStickBP/Maps/TwinStickExampleMap.umap" TEMPLATE=0 SHOWPROGRESS=1 FEATURELEVEL=3
[2015.09.09-08.03.30:406][395]LightingResults: New page: Lighting Build
[2015.09.09-08.03.30:424][395]LoadErrors: New page: Loading map: TwinStickExampleMap.umap
[2015.09.09-08.03.30:424][395]MapCheck: New page: Map Check
[2015.09.09-08.03.30:424][395]LightingResults: New page: Lighting Build
[2015.09.09-08.03.30:449][395]LogParticles: Destroying 0 GPU particle simulations for FXSystem 0x0000000DD32D6340
[2015.09.09-08.03.30:600][395]LogEditorServer: Finished looking for orphan Actors (0.000 secs)
[2015.09.09-08.03.30:669][395]Cmd: MAP CHECKDEP NOCLEARLOG
[2015.09.09-08.03.30:746][395]MapCheck: Info Map check complete: 0 Error(s), 0 Warning(s), took 76.175ms to complete.
[2015.09.09-08.03.30:746][395]LogFileHelpers: Loading map 'TwinStickExampleMap' took 0.341
[2015.09.09-08.03.32:530][449]LogPlayLevel: PlayLevel: No blueprints needed recompiling
[2015.09.09-08.03.32:531][449]PIE: New page: PIE session: TwinStickExampleMap (Sep 9, 2015, 12:03:32 PM)
[2015.09.09-08.03.32:531][449]LogPlayLevel: Creating play world package: /Game/TwinStickBP/Maps/UEDPIE_0_TwinStickExampleMap
[2015.09.09-08.03.33:155][449]LogPlayLevel: PIE: StaticDuplicateObject took: (0.624761s)
[2015.09.09-08.03.33:156][449]LogAIModule: Creating AISystem for world TwinStickExampleMap
[2015.09.09-08.03.33:157][449]LogPlayLevel: PIE: World Init took: (0.001551s)
[2015.09.09-08.03.33:157][449]LogPlayLevel: PIE: Created PIE world by copying editor world from /Game/TwinStickBP/Maps/TwinStickExampleMap.TwinStickExampleMap to /Game/TwinStickBP/Maps/UEDPIE_0_TwinStickExampleMap.TwinStickExampleMap (0.626733s)
[2015.09.09-08.03.33:157][449]LogActorComponent: UnregisterComponent: (/Engine/Transient.RotatingMovement_GEN_VARIABLE) Not registered. Aborting.
[2015.09.09-08.03.33:157][449]LogActorComponent: UnregisterComponent: (/Engine/Transient.RotatingMovementComponent_2) Not registered. Aborting.
[2015.09.09-08.03.33:157][449]LogActorComponent: UnregisterComponent: (/Engine/Transient.RotatingMovementComponent_3) Not registered. Aborting.
[2015.09.09-08.03.33:190][449]LogInit: XAudio2 using 'Speakers (Realtek High Definition Audio)' : 2 channels at 48 kHz using 32 bits per sample (channel mask 0x3)
[2015.09.09-08.03.33:197][449]LogInit: FAudioDevice initialized.
[2015.09.09-08.03.33:239][449]LogWorld: Game class is 'TwinStickGameMode_C'
[2015.09.09-08.03.33:247][449]LogWorld: Bringing World /Game/TwinStickBP/Maps/UEDPIE_0_TwinStickExampleMap.TwinStickExampleMap up for play (max tick rate 60) at 2015.09.09-10.03.33
[2015.09.09-08.03.33:247][449]LogActor:Warning: GameSession /Game/TwinStickBP/Maps/UEDPIE_0_TwinStickExampleMap.TwinStickExampleMap:PersistentLevel.GameSession_2 has natively added scene component(s), but none of them were set as the actor's RootComponent - picking one arbitrarily
[2015.09.09-08.03.33:248][449]LogActor:Warning: GameNetworkManager /Game/TwinStickBP/Maps/UEDPIE_0_TwinStickExampleMap.TwinStickExampleMap:PersistentLevel.GameNetworkManager_2 has natively added scene component(s), but none of them were set as the actor's RootComponent - picking one arbitrarily
[2015.09.09-08.03.33:248][449]LogWorld: Bringing up level for play took: 0.007735
[2015.09.09-08.03.33:308][449]PIE: Info Play in editor start time for /Game/TwinStickBP/Maps/UEDPIE_0_TwinStickExampleMap 0.214
[2015.09.09-08.03.42:388][886]LogParticles: Destroying 0 GPU particle simulations for FXSystem 0x0000000D9943DD00
[2015.09.09-08.04.13:832][620]BlueprintLog: New page: Compile shipSelectMenu
[2015.09.09-08.04.15:145][620]BlueprintEditorCompileResults: Info [0563.58] Compile of shipSelectMenu successful! [in 1,164 ms]
[2015.09.09-08.04.32:524][869]LogLinker:Warning: Asset '../../../../../../DATA/Projekt/Zero/Content/TwinStickBP/Blueprints/TwinStickProjectile.uasset' has been saved with empty engine version. The asset will be loaded but may be incompatible.
[2015.09.09-08.04.33:580][869]LogBlueprint:Warning: [compiler Player1_Ship] Warning Get Input Axis references unknown Axis 'FireRight' for  Get FireRight 
[2015.09.09-08.04.33:580][869]LogBlueprint:Warning: [compiler Player1_Ship] Warning Get Input Axis references unknown Axis 'FireForward' for  Get FireForward 
[2015.09.09-08.04.33:651][869]LogBlueprint:Warning: [compiler Player1_Ship] Warning [0582.23] Compile of Player1_Ship successful, but with 2 Warning(s) [in 150 ms]
[2015.09.09-08.04.33:651][869]LogBlueprint:Warning: [compiler Player1_Ship] Warning [0582.24] Compile of Player1_Ship successful, but with 3 Warning(s) [in 0 ms]
[2015.09.09-08.04.33:652][869]LogBlueprint:Warning: [compiler Player1_Ship] Warning [0582.24] Compile of Player1_Ship successful, but with 4 Warning(s) [in 0 ms]
[2015.09.09-08.04.33:785][869]LogBlueprint:Warning: [compiler Player1_Ship] Warning Get Input Axis references unknown Axis 'FireRight' for  Get FireRight 
[2015.09.09-08.04.33:786][869]LogBlueprint:Warning: [compiler Player1_Ship] Warning Get Input Axis references unknown Axis 'FireForward' for  Get FireForward 
[2015.09.09-08.04.33:853][869]LogBlueprint:Warning: [compiler Player1_Ship] Warning [0582.44] Compile of Player1_Ship successful, but with 2 Warning(s) [in 158 ms]
[2015.09.09-08.04.33:853][869]LogBlueprint:Warning: [compiler Player1_Ship] Warning [0582.44] Compile of Player1_Ship successful, but with 3 Warning(s) [in 0 ms]
[2015.09.09-08.04.33:854][869]LogBlueprint:Warning: [compiler Player1_Ship] Warning [0582.44] Compile of Player1_Ship successful, but with 4 Warning(s) [in 0 ms]
[2015.09.09-08.04.35:779][869]LogBlueprint:Warning: [compiler Stage1] Warning InputAction Event references unknown Action 'startMenu' for  InputAction startMenu 
[2015.09.09-08.04.35:793][869]LogBlueprint:Warning: [compiler Stage1] Warning [0584.38] Compile of Stage1 successful, but with 1 Warning(s) [in 65 ms]
[2015.09.09-08.04.35:794][869]LogBlueprint:Warning: [compiler Stage1] Warning [0584.38] Compile of Stage1 successful, but with 2 Warning(s) [in 0 ms]
[2015.09.09-08.04.35:794][869]LogBlueprint:Warning: [compiler Stage1] Warning [0584.38] Compile of Stage1 successful, but with 3 Warning(s) [in 0 ms]
[2015.09.09-08.04.35:814][869]LogBlueprint:Warning: [compiler Stage1] Warning InputAction Event references unknown Action 'startMenu' for  InputAction startMenu 
[2015.09.09-08.04.35:827][869]LogBlueprint:Warning: [compiler Stage1] Warning [0584.41] Compile of Stage1 successful, but with 1 Warning(s) [in 23 ms]
[2015.09.09-08.04.35:828][869]LogBlueprint:Warning: [compiler Stage1] Warning [0584.41] Compile of Stage1 successful, but with 2 Warning(s) [in 0 ms]
[2015.09.09-08.04.35:828][869]LogBlueprint:Warning: [compiler Stage1] Warning [0584.41] Compile of Stage1 successful, but with 3 Warning(s) [in 0 ms]
[2015.09.09-08.04.36:362][869]LogTexture:Display: Building textures: HQ_Lightmap0_1 (AutoDXT)
[2015.09.09-08.04.36:830][869]LogTexture:Display: Building textures: HQ_Lightmap0_2 (AutoDXT)
[2015.09.09-08.04.36:859][869]LogTexture:Display: Building textures: HQ_Lightmap0_3 (AutoDXT)
[2015.09.09-08.04.36:872][869]LogTexture:Display: Building textures: LQ_Lightmap_0_1 (DXT1)
[2015.09.09-08.04.36:933][869]LogTexture:Display: Building textures: LQ_Lightmap_0_3 (DXT1)
[2015.09.09-08.04.36:964][869]LogTexture:Display: Building textures: LQ_Lightmap_1_2 (DXT1)
[2015.09.09-08.04.36:986][869]LogTexture:Display: Building textures: SkyOcclusion0_1 (AutoDXT)
[2015.09.09-08.04.37:151][869]LogTexture:Display: Building textures: SkyOcclusion0_3 (AutoDXT)
[2015.09.09-08.04.37:170][869]LogTexture:Display: Building textures: SkyOcclusion1_2 (AutoDXT)
[2015.09.09-08.04.37:212][869]LogTexture:Display: Building textures: ShadowMapTexture2D_0 (BGRA8)
[2015.09.09-08.04.37:240][869]LogTexture:Display: Building textures: ShadowMapTexture2D_1 (BGRA8)
[2015.09.09-08.04.37:244][869]LogTexture:Display: Building textures: ShadowMapTexture2D_2 (BGRA8)
[2015.09.09-08.04.37:651][869]LogStaticMesh: Building static mesh 8banaMenu...
[2015.09.09-08.04.38:629][869]LogStaticMesh: Built static mesh [0.980584.2s] /Game/TwinStickBP/Blueprints/8banaMenu.8banaMenu
[2015.09.09-08.04.38:669][869]LogStaticMesh: Building static mesh CubeMesh...
[2015.09.09-08.04.38:678][869]LogStaticMesh: Built static mesh [0.010540.2s] /Game/TwinStickBP/Meshes/CubeMesh.CubeMesh
[2015.09.09-08.04.38:774][869]LogTexture:Display: Building textures: hudHpFill (AutoDXT)
[2015.09.09-08.04.38:805][869]LogTexture:Display: Building textures: hudHpAlfa (AutoDXT)
[2015.09.09-08.04.38:862][869]LogMaterial: Missing cached shader map for material animatedHpFill, compiling. 
[2015.09.09-08.04.39:212][869]LogTexture:Display: Building textures: hudBoostFill (AutoDXT)
[2015.09.09-08.04.39:369][869]LogMaterial: Missing cached shader map for material animatedBoostFill, compiling. 
[2015.09.09-08.04.39:604][869]LogMaterial: Missing cached shader map for material animatedBoostBackground_2, compiling. 
[2015.09.09-08.04.40:382][869]LogMaterial: Missing cached shader map for material CubeMaterial, compiling. 
[2015.09.09-08.04.41:020][869]LogMaterial: Missing cached shader map for material animatedHPBackground, compiling. 
[2015.09.09-08.04.41:072][869]LogAIModule: Creating AISystem for world Stage1
[2015.09.09-08.04.41:509][869]Cmd: MAP LOAD FILE="../../../../../../DATA/Projekt/Zero/Content/Zer0/Maps/Stage1.umap" TEMPLATE=0 SHOWPROGRESS=1 FEATURELEVEL=3
[2015.09.09-08.04.41:513][869]LightingResults: New page: Lighting Build
[2015.09.09-08.04.41:657][869]LoadErrors: New page: Loading map: Stage1.umap
[2015.09.09-08.04.41:662][869]MapCheck: New page: Map Check
[2015.09.09-08.04.41:662][869]LightingResults: New page: Lighting Build
[2015.09.09-08.04.41:863][869]LogParticles: Destroying 0 GPU particle simulations for FXSystem 0x0000000DD32D5E40
[2015.09.09-08.04.42:539][869]LogEditorServer: Finished looking for orphan Actors (0.000 secs)
[2015.09.09-08.04.43:060][869]Cmd: MAP CHECKDEP NOCLEARLOG
[2015.09.09-08.04.43:505][869]MapCheck: Info Map check complete: 0 Error(s), 0 Warning(s), took 444.907ms to complete.
[2015.09.09-08.04.43:511][869]LogFileHelpers: Loading map 'Stage1' took 2.009
[2015.09.09-08.04.43:525][869]LoadErrors:Error: Error /Game/TwinStickBP/Blueprints/playerUI : Failed import for playerUI_C /Game/Zer0/UMG/playerUI.Default__playerUI_C [redirection] in /Game/TwinStickBP/Blueprints/playerUI
[2015.09.09-08.07.25:588][459]LogEditorViewport: Clicking on Actor (LMB): BP_Sky_Sphere_C (SkyShereBlueprint)
[2015.09.09-08.07.27:810][459]LogD3D11RHI:Error: Direct3DDevice->CreateBuffer(&Desc,pInitData,VertexBufferResource.GetInitReference()) failed 
 at D:\BuildFarm\buildmachine_++depot+UE4-Releases+4.9\Engine\Source\Runtime\Windows\D3D11RHI\Private\D3D11VertexBuffer.cpp:75 
 with error DXGI_ERROR_DEVICE_REMOVED
[2015.09.09-08.07.36:635][459]LogWindows: FPlatformMisc::RequestExit(1)
[2015.09.09-08.07.36:635][459]Log file closed, 09/09/15 10:07:36
