[2015.09.11-11.21.14:676][  0]Log file open, 09/11/15 13:21:14
[2015.09.11-11.21.14:676][  0]LogInit:Display: Running engine for game: Zero
[2015.09.11-11.21.14:676][  0]LogInit:Display: RandInit(-635763884) SRandInit(-635763883).
[2015.09.11-11.21.14:676][  0]LogTaskGraph: Started task graph with 4 named threads and 7 total threads.
[2015.09.11-11.21.14:676][  0]LogStats: Stats thread started at 0.080396
[2015.09.11-11.21.14:676][  0]LogInit: Version: 4.9.0-2672455+++depot+UE4-Releases+4.9
[2015.09.11-11.21.14:676][  0]LogInit: API Version: 2672455
[2015.09.11-11.21.14:676][  0]LogInit: Compiled (64-bit): Aug 28 2015 12:33:01
[2015.09.11-11.21.14:676][  0]LogInit: Compiled with Visual C++: 18.00.21005.01
[2015.09.11-11.21.14:676][  0]LogInit: Build Configuration: Development
[2015.09.11-11.21.14:676][  0]LogInit: Branch Name: ++depot+UE4-Releases+4.9
[2015.09.11-11.21.14:676][  0]LogInit: Command line: 
[2015.09.11-11.21.14:676][  0]LogInit: Base directory: D:/Installerat/UE4/Epic Games/4.9/Engine/Binaries/Win64/
[2015.09.11-11.21.14:676][  0]LogInit: Rocket: 1
[2015.09.11-11.21.14:684][  0]LogInit: Using libcurl 7.41.0
[2015.09.11-11.21.14:684][  0]LogInit:  - built for x86_64-pc-win32
[2015.09.11-11.21.14:684][  0]LogInit:  - supports SSL with WinSSL
[2015.09.11-11.21.14:684][  0]LogInit:  - other features:
[2015.09.11-11.21.14:684][  0]LogInit:      CURL_VERSION_SSL
[2015.09.11-11.21.14:684][  0]LogInit:      CURL_VERSION_IPV6
[2015.09.11-11.21.14:684][  0]LogInit:      CURL_VERSION_ASYNCHDNS
[2015.09.11-11.21.14:684][  0]LogInit:      CURL_VERSION_LARGEFILE
[2015.09.11-11.21.14:684][  0]LogInit:      CURL_VERSION_IDN
[2015.09.11-11.21.14:684][  0]LogInit:  CurlRequestOptions (configurable via config and command line):
[2015.09.11-11.21.14:684][  0]LogInit:  - bVerifyPeer = true  - Libcurl will verify peer certificate
[2015.09.11-11.21.14:684][  0]LogInit:  - bUseHttpProxy = false  - Libcurl will NOT use HTTP proxy
[2015.09.11-11.21.14:684][  0]LogInit:  - bDontReuseConnections = false  - Libcurl will reuse connections
[2015.09.11-11.21.14:684][  0]LogInit:  - CertBundlePath = nullptr  - Libcurl will use whatever was configured at build time.
[2015.09.11-11.21.14:692][  0]LogInit: Presizing for 0 objects not considered by GC, pre-allocating 0 bytes.
[2015.09.11-11.21.14:697][  0]LogInit: Object subsystem initialized
[2015.09.11-11.21.14:699][  0]LogInit: Selected Device Profile: [Windows]
[2015.09.11-11.21.14:699][  0]LogInit: Applying CVar settings loaded from the selected device profile: [Windows]
[2015.09.11-11.21.14:711][  0]LogInit: Computer: ROBIN-PC
[2015.09.11-11.21.14:711][  0]LogInit: User: Robin
[2015.09.11-11.21.14:711][  0]LogInit: CPU Page size=4096, Cores=4
[2015.09.11-11.21.14:711][  0]LogInit: High frequency timer resolution =3.417969 MHz
[2015.09.11-11.21.14:711][  0]LogMemory: Memory total: Physical=15.9GB (16GB approx)
[2015.09.11-11.21.14:711][  0]LogMemory: Platform Memory Stats for Windows
[2015.09.11-11.21.14:711][  0]LogMemory: Process Physical Memory: 54.10 MB used, 54.10 MB peak
[2015.09.11-11.21.14:711][  0]LogMemory: Process Virtual Memory: 55.22 MB used, 55.22 MB peak
[2015.09.11-11.21.14:711][  0]LogMemory: Physical Memory: 6706.91 MB used, 16321.61 MB total
[2015.09.11-11.21.14:711][  0]LogMemory: Virtual Memory: 350.88 MB used, 134217728.00 MB total
[2015.09.11-11.21.14:743][  0]LogTextLocalizationManager: No translations for ('sv-SE') exist, falling back to 'en' for localization and internationalization data.
[2015.09.11-11.21.15:445][  0]LogD3D11RHI: Found D3D11 adapter 0: NVIDIA GeForce GTX 770 (Feature Level 11_0)
[2015.09.11-11.21.15:445][  0]LogD3D11RHI: Adapter has 4026MB of dedicated video memory, 0MB of dedicated system memory, and 8160MB of shared system memory, 2 output[s]
[2015.09.11-11.21.15:446][  0]LogD3D11RHI: Found D3D11 adapter 1: Microsoft Basic Render Driver (Feature Level 11_0)
[2015.09.11-11.21.15:446][  0]LogD3D11RHI: Adapter has 0MB of dedicated video memory, 0MB of dedicated system memory, and 8160MB of shared system memory, 0 output[s]
[2015.09.11-11.21.15:446][  0]LogD3D11RHI: Chosen D3D11 Adapter Id = 0
[2015.09.11-11.21.15:450][  0]LogD3D11RHI: !Direct3DDevice
[2015.09.11-11.21.15:450][  0]LogRHI: Texture pool is 1361 MB (70% of 1945 MB)
[2015.09.11-11.21.15:462][  0]LogD3D11RHI: Async texture creation enabled
[2015.09.11-11.21.15:476][  0]LogShaderCompilers: Guid format shader working directory is 14 characters bigger than the processId version (../../../../../../../ZeroGame/Zero/Intermediate/Shaders/WorkingDirectory/13980/).
[2015.09.11-11.21.15:477][  0]LogShaderCompilers: Cleaned the shader compiler working directory '../../../../../../../ZeroGame/Zero/Intermediate/Shaders/tmp/DA15EC004D003333A224278A8F279640/'.
[2015.09.11-11.21.15:477][  0]LogShaderCompilers:Display: Using Local Shader Compiler.
[2015.09.11-11.21.16:442][  0]LogTemp:Display: Loaded TP AllDesktopTargetPlatform
[2015.09.11-11.21.16:447][  0]LogTemp:Display: Loaded TP WindowsClientTargetPlatform
[2015.09.11-11.21.16:451][  0]LogTemp:Display: Loaded TP WindowsNoEditorTargetPlatform
[2015.09.11-11.21.16:457][  0]LogTemp:Display: Loaded TP WindowsServerTargetPlatform
[2015.09.11-11.21.16:463][  0]LogTemp:Display: Loaded TP WindowsTargetPlatform
[2015.09.11-11.21.16:466][  0]LogTemp:Display: Loaded TP AndroidTargetPlatform
[2015.09.11-11.21.16:469][  0]LogTemp:Display: Loaded TP Android_ASTCTargetPlatform
[2015.09.11-11.21.16:472][  0]LogTemp:Display: Loaded TP Android_ATCTargetPlatform
[2015.09.11-11.21.16:475][  0]LogTemp:Display: Loaded TP Android_DXTTargetPlatform
[2015.09.11-11.21.16:478][  0]LogTemp:Display: Loaded TP Android_ETC1TargetPlatform
[2015.09.11-11.21.16:481][  0]LogTemp:Display: Loaded TP Android_ETC2TargetPlatform
[2015.09.11-11.21.16:484][  0]LogTemp:Display: Loaded TP Android_PVRTCTargetPlatform
[2015.09.11-11.21.16:485][  0]LogTemp:Display: Loaded TP HTML5TargetPlatform
[2015.09.11-11.21.16:502][  0]LogTemp:Display: Loaded TP IOSTargetPlatform
[2015.09.11-11.21.16:505][  0]LogTemp:Display: Loaded TP LinuxNoEditorTargetPlatform
[2015.09.11-11.21.16:507][  0]LogTemp:Display: Loaded TP LinuxServerTargetPlatform
[2015.09.11-11.21.16:510][  0]LogTemp:Display: Loaded TP LinuxTargetPlatform
[2015.09.11-11.21.16:510][  0]LogTargetPlatformManager:Display: Building Assets For Windows
[2015.09.11-11.21.16:596][  0]LogDerivedDataCache:Display: Max Cache Size: 512 MB
[2015.09.11-11.21.16:631][  0]LogDerivedDataCache: Loaded boot cache 0.04s 41MB C:/Users/Robin/AppData/Local/UnrealEngine/4.9/DerivedDataCache/Boot.ddc.
[2015.09.11-11.21.16:631][  0]LogDerivedDataCache:Display: Loaded Boot cache: C:/Users/Robin/AppData/Local/UnrealEngine/4.9/DerivedDataCache/Boot.ddc
[2015.09.11-11.21.16:631][  0]LogDerivedDataCache: FDerivedDataBackendGraph:  Pak pak cache file ../../../../../../../ZeroGame/Zero/DerivedDataCache/DDC.ddp not found, will not use a pak cache.
[2015.09.11-11.21.16:631][  0]LogDerivedDataCache: Unable to find inner node Pak for hierarchical cache Hierarchy.
[2015.09.11-11.21.16:631][  0]LogDerivedDataCache: FDerivedDataBackendGraph:  CompressedPak pak cache file ../../../../../../../ZeroGame/Zero/DerivedDataCache/Compressed.ddp not found, will not use a pak cache.
[2015.09.11-11.21.16:631][  0]LogDerivedDataCache: Unable to find inner node CompressedPak for hierarchical cache Hierarchy.
[2015.09.11-11.21.16:758][  0]LogDerivedDataCache:Display: Pak cache opened for reading ../../../Engine/DerivedDataCache/Compressed.ddp.
[2015.09.11-11.21.16:770][  0]LogDerivedDataCache: Using Local data cache path C:/Users/Robin/AppData/Local/UnrealEngine/Common/DerivedDataCache: Writable
[2015.09.11-11.21.16:936][  0]LogInit: Selected Device Profile: [Windows]
[2015.09.11-11.21.16:938][  0]LogContentStreaming: Texture pool size is 0.000000MB
[2015.09.11-11.21.17:038][  0]LogMeshUtilities: No automatic mesh reduction module available
[2015.09.11-11.21.17:038][  0]LogMeshUtilities: No automatic mesh merging module available
[2015.09.11-11.21.17:248][  0]LogInit: WinSock: version 1.1 (2.2), MaxSocks=32767, MaxUdp=65467
[2015.09.11-11.21.18:024][  0]UdpMessaging: Initializing bridge on interface 0.0.0.0:0 to multicast group 230.0.0.1:6666.
[2015.09.11-11.21.18:143][  0]LogAssetRegistry: FAssetRegistry took 0.0106 seconds to start up
[2015.09.11-11.21.18:284][  0]SourceControl: Info Source control is disabled
[2015.09.11-11.21.18:308][  0]SourceControl: Info Source control is disabled
[2015.09.11-11.21.18:319][  0]SourceControl: Info Source control is disabled
[2015.09.11-11.21.18:331][  0]SourceControl: Info Source control is disabled
[2015.09.11-11.21.18:496][  0]LogLinker:Warning: Asset '../../../Engine/Plugins/Runtime/LeapMotionController/Content/LM_PassthroughMaterial.uasset' has been saved with empty engine version. The asset will be loaded but may be incompatible.
[2015.09.11-11.21.18:579][  0]LogObj: 28361 objects as part of root set at end of initial load.
[2015.09.11-11.21.18:579][  0]LogUObjectAllocator: 6038872 out of 0 bytes used by permanent object pool.
[2015.09.11-11.21.18:630][  0]LogEngine: Initializing Engine...
[2015.09.11-11.21.18:631][  0]LogHMD: Can't find Oculus library dev build: is proper Runtime installed? Version: 0.6.0.0
[2015.09.11-11.21.18:632][  0]LogHMD: SteamVR failed to initialize.  Err: 110
[2015.09.11-11.21.18:730][  0]LogAIModule: Creating AISystem for world NewWorld
[2015.09.11-11.21.18:743][  0]LogInit: XAudio2 using 'Speakers (Realtek High Definition Audio)' : 2 channels at 48 kHz using 32 bits per sample (channel mask 0x3)
[2015.09.11-11.21.18:753][  0]LogInit: FAudioDevice initialized.
[2015.09.11-11.21.18:771][  0]LogDerivedDataCache: Saved boot cache 0.02s 41MB C:/Users/Robin/AppData/Local/UnrealEngine/4.9/DerivedDataCache/Boot.ddc.
[2015.09.11-11.21.18:774][  0]LogInit: Texture streaming: Enabled
[2015.09.11-11.21.18:780][  0]LogAnalytics: Creating configured Analytics provider AnalyticsET
[2015.09.11-11.21.18:780][  0]LogAnalytics: [UEEditor.Rocket.Release] APIServer = http://et2.epicgames.com/ET2/. AppVersion = 4.9.0-2672455+++depot+UE4-Releases+4.9
[2015.09.11-11.21.18:780][  0]LogAnalytics: [UEEditor.Rocket.Release] SetUserId 626df1cc42dcfc209a36619741662030|ad34ba013035440dadc70caf093462f6|7f428d62-cdc5-4962-9a92-546dd11c89c7
[2015.09.11-11.21.18:780][  0]LogAnalytics: [UEEditor.Rocket.Release] AnalyticsET::StartSession
[2015.09.11-11.21.18:792][  0]LogWindowsTextInputMethodSystem:Display: IME system now deactivated.
[2015.09.11-11.21.18:792][  0]LogWindowsTextInputMethodSystem:Display: IME system now deactivated.
[2015.09.11-11.21.18:833][  0]LogInit: Transaction tracking system initialized
[2015.09.11-11.21.18:862][  0]BlueprintLog: New page: Editor Load
[2015.09.11-11.21.18:942][  0]LocalizationService: Info Localization service is disabled
[2015.09.11-11.21.19:029][  0]LogConsoleResponse:Display: 
[2015.09.11-11.21.19:111][  0]LogCook:Display: Done creating registry. It took  0.00s.
[2015.09.11-11.21.19:171][  0]SourceControl: Info Source control is disabled
[2015.09.11-11.21.19:171][  0]Cmd: MAP LOAD FILE="../../../../../../../ZeroGame/Zero/Content/Zer0/Maps/StartMenu.umap" TEMPLATE=0 SHOWPROGRESS=1 FEATURELEVEL=3
[2015.09.11-11.21.19:181][  0]LightingResults: New page: Lighting Build
[2015.09.11-11.21.19:185][  0]MapCheck: New page: Map Check
[2015.09.11-11.21.19:185][  0]LightingResults: New page: Lighting Build
[2015.09.11-11.21.19:192][  0]LogParticles: Destroying 0 GPU particle simulations for FXSystem 0x000000CF993C0400
[2015.09.11-11.21.19:672][  0]LogBlueprint:Warning: [compiler shipSelectMenu] Warning 'Save Stats' does not inherit from 'Player Controller' ( Cast To saveStats  would always fail).
[2015.09.11-11.21.19:681][  0]LogBlueprint:Warning: [compiler shipSelectMenu] Warning [0005.74] Compile of shipSelectMenu successful, but with 1 Warning(s) [in 17 ms]
[2015.09.11-11.21.19:682][  0]LogBlueprint:Warning: [compiler shipSelectMenu] Warning [0005.74] Compile of shipSelectMenu successful, but with 2 Warning(s) [in 0 ms]
[2015.09.11-11.21.19:682][  0]LogBlueprint:Warning: [compiler shipSelectMenu] Warning [0005.74] Compile of shipSelectMenu successful, but with 3 Warning(s) [in 0 ms]
[2015.09.11-11.21.19:743][  0]LogBlueprint:Warning: [compiler shipSelectMenu] Warning 'Save Stats' does not inherit from 'Player Controller' ( Cast To saveStats  would always fail).
[2015.09.11-11.21.19:755][  0]LogBlueprint:Warning: [compiler shipSelectMenu] Warning [0005.82] Compile of shipSelectMenu successful, but with 1 Warning(s) [in 21 ms]
[2015.09.11-11.21.19:755][  0]LogBlueprint:Warning: [compiler shipSelectMenu] Warning [0005.82] Compile of shipSelectMenu successful, but with 2 Warning(s) [in 0 ms]
[2015.09.11-11.21.19:756][  0]LogBlueprint:Warning: [compiler shipSelectMenu] Warning [0005.82] Compile of shipSelectMenu successful, but with 3 Warning(s) [in 0 ms]
[2015.09.11-11.21.19:808][  0]LogBlueprint:Warning: [compiler StartMenu] Warning 'ReturnValue' is already a 'Player Controller', you don't need  Cast To PlayerController .
[2015.09.11-11.21.19:808][  0]LogBlueprint:Warning: [compiler StartMenu] Warning 'ReturnValue' is already a 'Player Controller', you don't need  Cast To PlayerController .
[2015.09.11-11.21.19:809][  0]LogBlueprint:Warning: [compiler StartMenu] Warning 'ReturnValue' is already a 'Player Controller', you don't need  Cast To PlayerController .
[2015.09.11-11.21.19:811][  0]LogBlueprint:Warning: [compiler StartMenu] Warning [0005.87] Compile of StartMenu successful, but with 3 Warning(s) [in 7 ms]
[2015.09.11-11.21.19:811][  0]LogBlueprint:Warning: [compiler StartMenu] Warning [0005.87] Compile of StartMenu successful, but with 4 Warning(s) [in 0 ms]
[2015.09.11-11.21.19:811][  0]LogBlueprint:Warning: [compiler StartMenu] Warning [0005.87] Compile of StartMenu successful, but with 5 Warning(s) [in 0 ms]
[2015.09.11-11.21.19:818][  0]LogBlueprint:Warning: [compiler StartMenu] Warning 'ReturnValue' is already a 'Player Controller', you don't need  Cast To PlayerController .
[2015.09.11-11.21.19:818][  0]LogBlueprint:Warning: [compiler StartMenu] Warning 'ReturnValue' is already a 'Player Controller', you don't need  Cast To PlayerController .
[2015.09.11-11.21.19:819][  0]LogBlueprint:Warning: [compiler StartMenu] Warning 'ReturnValue' is already a 'Player Controller', you don't need  Cast To PlayerController .
[2015.09.11-11.21.19:821][  0]LogBlueprint:Warning: [compiler StartMenu] Warning [0005.88] Compile of StartMenu successful, but with 3 Warning(s) [in 7 ms]
[2015.09.11-11.21.19:821][  0]LogBlueprint:Warning: [compiler StartMenu] Warning [0005.88] Compile of StartMenu successful, but with 4 Warning(s) [in 0 ms]
[2015.09.11-11.21.19:821][  0]LogBlueprint:Warning: [compiler StartMenu] Warning [0005.88] Compile of StartMenu successful, but with 5 Warning(s) [in 0 ms]
[2015.09.11-11.21.20:179][  0]LogAIModule: Creating AISystem for world StartMenu
[2015.09.11-11.21.20:183][  0]LogEditorServer: Finished looking for orphan Actors (0.000 secs)
[2015.09.11-11.21.20:184][  0]Cmd: MAP CHECKDEP NOCLEARLOG
[2015.09.11-11.21.20:263][  0]MapCheck: Info Map check complete: 0 Error(s), 0 Warning(s), took 79.37ms to complete.
[2015.09.11-11.21.20:263][  0]LogFileHelpers: Loading map 'StartMenu' took 1.093
[2015.09.11-11.21.20:455][  0]LogCollectionManager: Loaded 0 collections in 0.002195 seconds
[2015.09.11-11.21.20:496][  0]LogFileCache: Scanning file cache for directory 'D:/ZeroGame/Zero/Saved/Collections/' took 0.01s
[2015.09.11-11.21.20:496][  0]LogFileCache: Scanning file cache for directory 'D:/ZeroGame/Zero/Content/Developers/Robin/Collections/' took 0.01s
[2015.09.11-11.21.20:496][  0]LogFileCache: Scanning file cache for directory 'D:/ZeroGame/Zero/Content/Collections/' took 0.01s
[2015.09.11-11.21.20:496][  0]LogContentBrowser: Native class hierarchy populated in 0.0064 seconds. Added 1867 classes and 333 folders.
[2015.09.11-11.21.20:512][  0]LogCollectionManager: Rebuilt the GUID cache for 0 collections in 0.000002 seconds
[2015.09.11-11.21.20:519][  0]LogContentBrowser: Native class hierarchy updated for 'WidgetCarousel' in 0.0003 seconds. Added 0 classes and 0 folders.
[2015.09.11-11.21.20:957][  0]LogContentBrowser: Native class hierarchy updated for 'AddContentDialog' in 0.0004 seconds. Added 0 classes and 0 folders.
[2015.09.11-11.21.20:998][  0]LogContentBrowser: Native class hierarchy updated for 'SceneOutliner' in 0.0005 seconds. Added 1 classes and 2 folders.
[2015.09.11-11.21.21:095][  0]LogCrashTracker: Crashtracker disabled due to settings.
[2015.09.11-11.21.21:100][  0]LogUObjectGlobals:Warning: Failed to find object 'Class None.'
[2015.09.11-11.21.21:122][  0]LogLoad: Full Startup: 7.18 seconds (BP compile: 0.18 seconds)
[2015.09.11-11.21.21:219][  0]LogContentStreaming: Texture pool size now 1000 MB
[2015.09.11-11.21.21:437][  0]LogRenderer: Reallocating scene render targets to support 1616x808 (Frame:2).
[2015.09.11-11.21.21:698][  5]LogAssetRegistry: Asset discovery search completed in 3.5656 seconds
[2015.09.11-11.21.21:698][  5]LogCollectionManager: Rebuilt the object cache for 0 collections in 0.000001 seconds (found 0 objects)
[2015.09.11-11.21.21:698][  5]LogCollectionManager: Fixed up redirectors for 0 collections in 0.000025 seconds (updated 0 objects)
[2015.09.11-11.21.22:760][ 52]LogBlueprint:Warning: [compiler Player1_Ship] Warning Get Input Axis references unknown Axis 'FireRight' for  Get FireRight 
[2015.09.11-11.21.22:760][ 52]LogBlueprint:Warning: [compiler Player1_Ship] Warning Get Input Axis references unknown Axis 'FireForward' for  Get FireForward 
[2015.09.11-11.21.22:769][ 52]LogBlueprint:Warning: [compiler Player1_Ship] Warning [0008.83] Compile of Player1_Ship successful, but with 2 Warning(s) [in 20 ms]
[2015.09.11-11.21.22:769][ 52]LogBlueprint:Warning: [compiler Player1_Ship] Warning [0008.83] Compile of Player1_Ship successful, but with 3 Warning(s) [in 0 ms]
[2015.09.11-11.21.22:769][ 52]LogBlueprint:Warning: [compiler Player1_Ship] Warning [0008.83] Compile of Player1_Ship successful, but with 4 Warning(s) [in 0 ms]
[2015.09.11-11.21.22:786][ 52]LogBlueprint:Warning: [compiler Player1_Ship] Warning Get Input Axis references unknown Axis 'FireRight' for  Get FireRight 
[2015.09.11-11.21.22:787][ 52]LogBlueprint:Warning: [compiler Player1_Ship] Warning Get Input Axis references unknown Axis 'FireForward' for  Get FireForward 
[2015.09.11-11.21.22:795][ 52]LogBlueprint:Warning: [compiler Player1_Ship] Warning [0008.86] Compile of Player1_Ship successful, but with 2 Warning(s) [in 20 ms]
[2015.09.11-11.21.22:795][ 52]LogBlueprint:Warning: [compiler Player1_Ship] Warning [0008.86] Compile of Player1_Ship successful, but with 3 Warning(s) [in 0 ms]
[2015.09.11-11.21.22:795][ 52]LogBlueprint:Warning: [compiler Player1_Ship] Warning [0008.86] Compile of Player1_Ship successful, but with 4 Warning(s) [in 0 ms]
[2015.09.11-11.21.24:244][ 52]LogLinker:Warning: Asset '../../../Engine/Content/ArtTools/RenderToTexture/Macros/RenderToTextureMacros.uasset' has been saved with empty engine version. The asset will be loaded but may be incompatible.
[2015.09.11-11.21.24:695][ 52]LogContentBrowser: Native class hierarchy updated for 'BlueprintGraph' in 0.0006 seconds. Added 107 classes and 0 folders.
[2015.09.11-11.21.25:605][ 52]LogGraphPanel:Warning: Found NULL Node in GraphObj array. A node type has been deleted without creating an ActiveClassRedictor to K2Node_DeadClass.
[2015.09.11-11.21.25:605][ 52]LogGraphPanel:Warning: Found NULL Node in GraphObj array. A node type has been deleted without creating an ActiveClassRedictor to K2Node_DeadClass.
[2015.09.11-11.21.25:605][ 52]LogGraphPanel:Warning: Found NULL Node in GraphObj array. A node type has been deleted without creating an ActiveClassRedictor to K2Node_DeadClass.
[2015.09.11-11.21.25:605][ 52]LogGraphPanel:Warning: Found NULL Node in GraphObj array. A node type has been deleted without creating an ActiveClassRedictor to K2Node_DeadClass.
[2015.09.11-11.21.30:260][476]LogEditorViewport: Clicking on Actor (LMB): ship1_C (ship1)
[2015.09.11-11.21.33:209][790]Cmd: TRANSACTION UNDO
[2015.09.11-11.21.33:209][790]LogEditorTransaction: Undo Move Actors
[2015.09.11-11.21.34:084][862]Cmd: EDIT COPY
[2015.09.11-11.21.34:444][901]Cmd: EDIT PASTE
[2015.09.11-11.21.38:045][287]LogActorComponent: UnregisterComponent: (/Engine/Transient.ProjectileMovementComponent_8) Not registered. Aborting.
[2015.09.11-11.21.38:215][287]Cmd: OBJ SAVEPACKAGE PACKAGE="/Game/Zer0/Maps/StartMenu" FILE="../../../../../../../ZeroGame/Zero/Content/Zer0/Maps/StartMenu.umap" SILENT=true AUTOSAVING=false KEEPDIRTY=false
[2015.09.11-11.21.38:276][287]LogBlueprint:Warning: [compiler StartMenu] Warning 'ReturnValue' is already a 'Player Controller', you don't need  Cast To PlayerController .
[2015.09.11-11.21.38:277][287]LogBlueprint:Warning: [compiler StartMenu] Warning 'ReturnValue' is already a 'Player Controller', you don't need  Cast To PlayerController .
[2015.09.11-11.21.38:277][287]LogBlueprint:Warning: [compiler StartMenu] Warning 'ReturnValue' is already a 'Player Controller', you don't need  Cast To PlayerController .
[2015.09.11-11.21.38:279][287]LogBlueprint:Warning: [compiler StartMenu] Warning [0024.34] Compile of StartMenu successful, but with 3 Warning(s) [in 15 ms]
[2015.09.11-11.21.38:279][287]LogBlueprint:Warning: [compiler StartMenu] Warning [0024.34] Compile of StartMenu successful, but with 4 Warning(s) [in 0 ms]
[2015.09.11-11.21.38:279][287]LogBlueprint:Warning: [compiler StartMenu] Warning [0024.34] Compile of StartMenu successful, but with 5 Warning(s) [in 0 ms]
[2015.09.11-11.21.38:310][287]LogBlueprint:Warning: [compiler StartMenu] Warning [0024.37] Compile of StartMenu successful, but with 6 Warning(s) [in 29 ms]
[2015.09.11-11.21.38:311][287]LogBlueprint:Warning: [compiler StartMenu] Warning [0024.37] Compile of StartMenu successful, but with 7 Warning(s) [in 0 ms]
[2015.09.11-11.21.38:311][287]LogBlueprint:Warning: [compiler StartMenu] Warning [0024.37] Compile of StartMenu successful, but with 8 Warning(s) [in 0 ms]
[2015.09.11-11.21.38:317][287]LogBlueprintUserMessages: Serialization for Get node for variable 'RotatingMovement' in Blueprint '/Game/Zer0/Maps/StartMenu.StartMenu:PersistentLevel.StartMenu' which is setup as pure
[2015.09.11-11.21.38:317][287]LogBlueprintUserMessages: Serialization for Get node for variable 'RotatingMovement' in Blueprint '/Game/Zer0/Maps/StartMenu.StartMenu:PersistentLevel.StartMenu' which is setup as pure
[2015.09.11-11.21.38:317][287]LogBlueprintUserMessages: Serialization for Get node for variable 'RotatingMovement' in Blueprint '/Game/Zer0/Maps/StartMenu.StartMenu:PersistentLevel.StartMenu' which is setup as pure
[2015.09.11-11.21.38:317][287]LogBlueprintUserMessages: Serialization for Get node for variable 'RotatingMovement' in Blueprint '/Game/Zer0/Maps/StartMenu.StartMenu:PersistentLevel.StartMenu' which is setup as pure
[2015.09.11-11.21.38:317][287]LogBlueprintUserMessages: Serialization for Get node for variable 'RotatingMovement' in Blueprint '/Game/Zer0/Maps/StartMenu.StartMenu:PersistentLevel.StartMenu' which is setup as pure
[2015.09.11-11.21.38:317][287]LogBlueprintUserMessages: Serialization for Get node for variable 'RotatingMovement' in Blueprint '/Game/Zer0/Maps/StartMenu.StartMenu:PersistentLevel.StartMenu' which is setup as pure
[2015.09.11-11.21.38:318][287]LogBlueprintUserMessages: Serialization for Get node for variable 'RotatingMovement' in Blueprint '/Game/Zer0/Maps/StartMenu.StartMenu:PersistentLevel.StartMenu' which is setup as pure
[2015.09.11-11.21.38:318][287]LogBlueprintUserMessages: Serialization for Get node for variable 'RotatingMovement' in Blueprint '/Game/Zer0/Maps/StartMenu.StartMenu:PersistentLevel.StartMenu' which is setup as pure
[2015.09.11-11.21.38:318][287]LogBlueprintUserMessages: Serialization for Get node for variable 'RotatingMovement' in Blueprint '/Game/Zer0/Maps/StartMenu.StartMenu:PersistentLevel.StartMenu' which is setup as pure
[2015.09.11-11.21.38:318][287]LogBlueprintUserMessages: Serialization for Get node for variable 'health' in Blueprint '/Game/Zer0/Maps/StartMenu.StartMenu:PersistentLevel.StartMenu' which is setup as pure
[2015.09.11-11.21.38:318][287]LogBlueprintUserMessages: Serialization for Get node for variable 'boost' in Blueprint '/Game/Zer0/Maps/StartMenu.StartMenu:PersistentLevel.StartMenu' which is setup as pure
[2015.09.11-11.21.38:318][287]LogBlueprintUserMessages: Serialization for Get node for variable 'speed' in Blueprint '/Game/Zer0/Maps/StartMenu.StartMenu:PersistentLevel.StartMenu' which is setup as pure
[2015.09.11-11.21.38:325][287]LogBlueprintUserMessages: Serialization for Get node for variable 'RotatingMovement' in Blueprint '/Game/Zer0/Maps/StartMenu.StartMenu:PersistentLevel.StartMenu' which is setup as pure
[2015.09.11-11.21.38:325][287]LogBlueprintUserMessages: Serialization for Get node for variable 'RotatingMovement' in Blueprint '/Game/Zer0/Maps/StartMenu.StartMenu:PersistentLevel.StartMenu' which is setup as pure
[2015.09.11-11.21.38:325][287]LogBlueprintUserMessages: Serialization for Get node for variable 'RotatingMovement' in Blueprint '/Game/Zer0/Maps/StartMenu.StartMenu:PersistentLevel.StartMenu' which is setup as pure
[2015.09.11-11.21.38:325][287]LogBlueprintUserMessages: Serialization for Get node for variable 'RotatingMovement' in Blueprint '/Game/Zer0/Maps/StartMenu.StartMenu:PersistentLevel.StartMenu' which is setup as pure
[2015.09.11-11.21.38:325][287]LogBlueprintUserMessages: Serialization for Get node for variable 'RotatingMovement' in Blueprint '/Game/Zer0/Maps/StartMenu.StartMenu:PersistentLevel.StartMenu' which is setup as pure
[2015.09.11-11.21.38:325][287]LogBlueprintUserMessages: Serialization for Get node for variable 'RotatingMovement' in Blueprint '/Game/Zer0/Maps/StartMenu.StartMenu:PersistentLevel.StartMenu' which is setup as pure
[2015.09.11-11.21.38:325][287]LogBlueprintUserMessages: Serialization for Get node for variable 'RotatingMovement' in Blueprint '/Game/Zer0/Maps/StartMenu.StartMenu:PersistentLevel.StartMenu' which is setup as pure
[2015.09.11-11.21.38:325][287]LogBlueprintUserMessages: Serialization for Get node for variable 'RotatingMovement' in Blueprint '/Game/Zer0/Maps/StartMenu.StartMenu:PersistentLevel.StartMenu' which is setup as pure
[2015.09.11-11.21.38:325][287]LogBlueprintUserMessages: Serialization for Get node for variable 'RotatingMovement' in Blueprint '/Game/Zer0/Maps/StartMenu.StartMenu:PersistentLevel.StartMenu' which is setup as pure
[2015.09.11-11.21.38:325][287]LogBlueprintUserMessages: Serialization for Get node for variable 'health' in Blueprint '/Game/Zer0/Maps/StartMenu.StartMenu:PersistentLevel.StartMenu' which is setup as pure
[2015.09.11-11.21.38:325][287]LogBlueprintUserMessages: Serialization for Get node for variable 'boost' in Blueprint '/Game/Zer0/Maps/StartMenu.StartMenu:PersistentLevel.StartMenu' which is setup as pure
[2015.09.11-11.21.38:325][287]LogBlueprintUserMessages: Serialization for Get node for variable 'speed' in Blueprint '/Game/Zer0/Maps/StartMenu.StartMenu:PersistentLevel.StartMenu' which is setup as pure
[2015.09.11-11.21.38:332][287]LogBlueprintUserMessages: Serialization for Get node for variable 'RotatingMovement' in Blueprint '/Game/Zer0/Maps/StartMenu.StartMenu:PersistentLevel.StartMenu' which is setup as pure
[2015.09.11-11.21.38:332][287]LogBlueprintUserMessages: Serialization for Get node for variable 'RotatingMovement' in Blueprint '/Game/Zer0/Maps/StartMenu.StartMenu:PersistentLevel.StartMenu' which is setup as pure
[2015.09.11-11.21.38:332][287]LogBlueprintUserMessages: Serialization for Get node for variable 'RotatingMovement' in Blueprint '/Game/Zer0/Maps/StartMenu.StartMenu:PersistentLevel.StartMenu' which is setup as pure
[2015.09.11-11.21.38:332][287]LogBlueprintUserMessages: Serialization for Get node for variable 'RotatingMovement' in Blueprint '/Game/Zer0/Maps/StartMenu.StartMenu:PersistentLevel.StartMenu' which is setup as pure
[2015.09.11-11.21.38:332][287]LogBlueprintUserMessages: Serialization for Get node for variable 'RotatingMovement' in Blueprint '/Game/Zer0/Maps/StartMenu.StartMenu:PersistentLevel.StartMenu' which is setup as pure
[2015.09.11-11.21.38:332][287]LogBlueprintUserMessages: Serialization for Get node for variable 'RotatingMovement' in Blueprint '/Game/Zer0/Maps/StartMenu.StartMenu:PersistentLevel.StartMenu' which is setup as pure
[2015.09.11-11.21.38:332][287]LogBlueprintUserMessages: Serialization for Get node for variable 'RotatingMovement' in Blueprint '/Game/Zer0/Maps/StartMenu.StartMenu:PersistentLevel.StartMenu' which is setup as pure
[2015.09.11-11.21.38:332][287]LogBlueprintUserMessages: Serialization for Get node for variable 'RotatingMovement' in Blueprint '/Game/Zer0/Maps/StartMenu.StartMenu:PersistentLevel.StartMenu' which is setup as pure
[2015.09.11-11.21.38:332][287]LogBlueprintUserMessages: Serialization for Get node for variable 'RotatingMovement' in Blueprint '/Game/Zer0/Maps/StartMenu.StartMenu:PersistentLevel.StartMenu' which is setup as pure
[2015.09.11-11.21.38:332][287]LogBlueprintUserMessages: Serialization for Get node for variable 'health' in Blueprint '/Game/Zer0/Maps/StartMenu.StartMenu:PersistentLevel.StartMenu' which is setup as pure
[2015.09.11-11.21.38:332][287]LogBlueprintUserMessages: Serialization for Get node for variable 'boost' in Blueprint '/Game/Zer0/Maps/StartMenu.StartMenu:PersistentLevel.StartMenu' which is setup as pure
[2015.09.11-11.21.38:332][287]LogBlueprintUserMessages: Serialization for Get node for variable 'speed' in Blueprint '/Game/Zer0/Maps/StartMenu.StartMenu:PersistentLevel.StartMenu' which is setup as pure
[2015.09.11-11.21.38:360][287]LogBlueprintUserMessages: Serialization for Get node for variable 'RotatingMovement' in Blueprint '/Game/Zer0/Maps/StartMenu.StartMenu:PersistentLevel.StartMenu' which is setup as pure
[2015.09.11-11.21.38:360][287]LogBlueprintUserMessages: Serialization for Get node for variable 'RotatingMovement' in Blueprint '/Game/Zer0/Maps/StartMenu.StartMenu:PersistentLevel.StartMenu' which is setup as pure
[2015.09.11-11.21.38:360][287]LogBlueprintUserMessages: Serialization for Get node for variable 'RotatingMovement' in Blueprint '/Game/Zer0/Maps/StartMenu.StartMenu:PersistentLevel.StartMenu' which is setup as pure
[2015.09.11-11.21.38:360][287]LogBlueprintUserMessages: Serialization for Get node for variable 'RotatingMovement' in Blueprint '/Game/Zer0/Maps/StartMenu.StartMenu:PersistentLevel.StartMenu' which is setup as pure
[2015.09.11-11.21.38:360][287]LogBlueprintUserMessages: Serialization for Get node for variable 'RotatingMovement' in Blueprint '/Game/Zer0/Maps/StartMenu.StartMenu:PersistentLevel.StartMenu' which is setup as pure
[2015.09.11-11.21.38:360][287]LogBlueprintUserMessages: Serialization for Get node for variable 'RotatingMovement' in Blueprint '/Game/Zer0/Maps/StartMenu.StartMenu:PersistentLevel.StartMenu' which is setup as pure
[2015.09.11-11.21.38:360][287]LogBlueprintUserMessages: Serialization for Get node for variable 'RotatingMovement' in Blueprint '/Game/Zer0/Maps/StartMenu.StartMenu:PersistentLevel.StartMenu' which is setup as pure
[2015.09.11-11.21.38:360][287]LogBlueprintUserMessages: Serialization for Get node for variable 'RotatingMovement' in Blueprint '/Game/Zer0/Maps/StartMenu.StartMenu:PersistentLevel.StartMenu' which is setup as pure
[2015.09.11-11.21.38:360][287]LogBlueprintUserMessages: Serialization for Get node for variable 'RotatingMovement' in Blueprint '/Game/Zer0/Maps/StartMenu.StartMenu:PersistentLevel.StartMenu' which is setup as pure
[2015.09.11-11.21.38:360][287]LogBlueprintUserMessages: Serialization for Get node for variable 'health' in Blueprint '/Game/Zer0/Maps/StartMenu.StartMenu:PersistentLevel.StartMenu' which is setup as pure
[2015.09.11-11.21.38:360][287]LogBlueprintUserMessages: Serialization for Get node for variable 'boost' in Blueprint '/Game/Zer0/Maps/StartMenu.StartMenu:PersistentLevel.StartMenu' which is setup as pure
[2015.09.11-11.21.38:360][287]LogBlueprintUserMessages: Serialization for Get node for variable 'speed' in Blueprint '/Game/Zer0/Maps/StartMenu.StartMenu:PersistentLevel.StartMenu' which is setup as pure
[2015.09.11-11.21.38:374][287]LogBlueprintUserMessages: Serialization for Get node for variable 'RotatingMovement' in Blueprint '/Game/Zer0/Maps/StartMenu.StartMenu:PersistentLevel.StartMenu' which is se